{"/home/travis/build/npmtest/node-npmtest-eslint-plugin-flowtype/test.js":{"path":"/home/travis/build/npmtest/node-npmtest-eslint-plugin-flowtype/test.js","s":{"1":2,"2":2,"3":2,"4":2,"5":2,"6":2,"7":2,"8":1,"9":2,"10":2,"11":1,"12":1,"13":1,"14":1,"15":2,"16":2,"17":2,"18":2,"19":1,"20":1,"21":2,"22":2,"23":2,"24":1,"25":1,"26":1,"27":1,"28":1,"29":1,"30":1,"31":1,"32":1,"33":1,"34":1,"35":1,"36":1,"37":1,"38":1,"39":2,"40":2,"41":1,"42":2,"43":2,"44":1,"45":2,"46":2,"47":1,"48":2,"49":2,"50":1,"51":1,"52":1,"53":1,"54":1},"b":{"1":[2,1,1,1],"2":[1,1,1,1],"3":[1,1],"4":[1,1],"5":[1,1],"6":[1,1],"7":[1,1],"8":[1,1],"9":[1,1],"10":[1,1,1],"11":[1,1],"12":[1,1],"13":[1,1],"14":[1,1],"15":[1,1],"16":[1,1],"17":[1,1]},"f":{"1":2,"2":2,"3":2,"4":2,"5":2,"6":1,"7":1,"8":1,"9":2,"10":2,"11":2,"12":2,"13":1},"fnMap":{"1":{"name":"(anonymous_1)","line":12,"loc":{"start":{"line":12,"column":1},"end":{"line":12,"column":13}}},"2":{"name":"(anonymous_2)","line":19,"loc":{"start":{"line":19,"column":5},"end":{"line":19,"column":17}}},"3":{"name":"(anonymous_3)","line":23,"loc":{"start":{"line":23,"column":24},"end":{"line":23,"column":36}}},"4":{"name":"(anonymous_4)","line":61,"loc":{"start":{"line":61,"column":5},"end":{"line":61,"column":17}}},"5":{"name":"(anonymous_5)","line":82,"loc":{"start":{"line":82,"column":5},"end":{"line":82,"column":17}}},"6":{"name":"(anonymous_6)","line":91,"loc":{"start":{"line":91,"column":77},"end":{"line":94,"column":10}}},"7":{"name":"(anonymous_7)","line":112,"loc":{"start":{"line":112,"column":83},"end":{"line":115,"column":10}},"skip":true},"8":{"name":"(anonymous_8)","line":123,"loc":{"start":{"line":123,"column":77},"end":{"line":126,"column":10}},"skip":true},"9":{"name":"(anonymous_9)","line":139,"loc":{"start":{"line":139,"column":12},"end":{"line":139,"column":40}},"skip":true},"10":{"name":"(anonymous_10)","line":147,"loc":{"start":{"line":147,"column":77},"end":{"line":150,"column":10}},"skip":true},"11":{"name":"(anonymous_11)","line":158,"loc":{"start":{"line":158,"column":83},"end":{"line":161,"column":10}},"skip":true},"12":{"name":"(anonymous_12)","line":169,"loc":{"start":{"line":169,"column":79},"end":{"line":172,"column":10}},"skip":true},"13":{"name":"(anonymous_13)","line":180,"loc":{"start":{"line":180,"column":75},"end":{"line":183,"column":10}},"skip":true}},"statementMap":{"1":{"start":{"line":12,"column":0},"end":{"line":195,"column":5}},"2":{"start":{"line":14,"column":4},"end":{"line":14,"column":14}},"3":{"start":{"line":19,"column":4},"end":{"line":56,"column":9}},"4":{"start":{"line":21,"column":8},"end":{"line":21,"column":19}},"5":{"start":{"line":23,"column":8},"end":{"line":35,"column":13}},"6":{"start":{"line":24,"column":12},"end":{"line":34,"column":13}},"7":{"start":{"line":25,"column":16},"end":{"line":28,"column":30}},"8":{"start":{"line":30,"column":16},"end":{"line":33,"column":27}},"9":{"start":{"line":37,"column":8},"end":{"line":39,"column":21}},"10":{"start":{"line":40,"column":8},"end":{"line":53,"column":9}},"11":{"start":{"line":43,"column":12},"end":{"line":46,"column":14}},"12":{"start":{"line":47,"column":12},"end":{"line":47,"column":18}},"13":{"start":{"line":50,"column":12},"end":{"line":51,"column":33}},"14":{"start":{"line":52,"column":12},"end":{"line":52,"column":18}},"15":{"start":{"line":55,"column":8},"end":{"line":55,"column":35}},"16":{"start":{"line":61,"column":4},"end":{"line":63,"column":9}},"17":{"start":{"line":62,"column":8},"end":{"line":62,"column":15}},"18":{"start":{"line":64,"column":4},"end":{"line":77,"column":5}},"19":{"start":{"line":70,"column":8},"end":{"line":70,"column":14}},"20":{"start":{"line":76,"column":8},"end":{"line":76,"column":14}},"21":{"start":{"line":82,"column":4},"end":{"line":84,"column":9}},"22":{"start":{"line":83,"column":8},"end":{"line":83,"column":15}},"23":{"start":{"line":85,"column":4},"end":{"line":194,"column":5}},"24":{"start":{"line":91,"column":8},"end":{"line":99,"column":10}},"25":{"start":{"line":98,"column":12},"end":{"line":98,"column":35}},"26":{"start":{"line":102,"column":8},"end":{"line":104,"column":63}},"27":{"start":{"line":105,"column":8},"end":{"line":105,"column":14}},"28":{"start":{"line":112,"column":8},"end":{"line":121,"column":10},"skip":true},"29":{"start":{"line":119,"column":12},"end":{"line":119,"column":55},"skip":true},"30":{"start":{"line":120,"column":12},"end":{"line":120,"column":48},"skip":true},"31":{"start":{"line":123,"column":8},"end":{"line":136,"column":10},"skip":true},"32":{"start":{"line":130,"column":12},"end":{"line":130,"column":76},"skip":true},"33":{"start":{"line":131,"column":12},"end":{"line":131,"column":73},"skip":true},"34":{"start":{"line":132,"column":12},"end":{"line":132,"column":74},"skip":true},"35":{"start":{"line":133,"column":12},"end":{"line":133,"column":79},"skip":true},"36":{"start":{"line":134,"column":12},"end":{"line":134,"column":25},"skip":true},"37":{"start":{"line":135,"column":12},"end":{"line":135,"column":45},"skip":true},"38":{"start":{"line":138,"column":8},"end":{"line":145,"column":14},"skip":true},"39":{"start":{"line":143,"column":16},"end":{"line":143,"column":29},"skip":true},"40":{"start":{"line":144,"column":16},"end":{"line":144,"column":55},"skip":true},"41":{"start":{"line":147,"column":8},"end":{"line":156,"column":10},"skip":true},"42":{"start":{"line":154,"column":12},"end":{"line":154,"column":25},"skip":true},"43":{"start":{"line":155,"column":12},"end":{"line":155,"column":45},"skip":true},"44":{"start":{"line":158,"column":8},"end":{"line":167,"column":10},"skip":true},"45":{"start":{"line":165,"column":12},"end":{"line":165,"column":25},"skip":true},"46":{"start":{"line":166,"column":12},"end":{"line":166,"column":48},"skip":true},"47":{"start":{"line":169,"column":8},"end":{"line":178,"column":10},"skip":true},"48":{"start":{"line":176,"column":12},"end":{"line":176,"column":25},"skip":true},"49":{"start":{"line":177,"column":12},"end":{"line":177,"column":46},"skip":true},"50":{"start":{"line":180,"column":8},"end":{"line":189,"column":10},"skip":true},"51":{"start":{"line":187,"column":12},"end":{"line":187,"column":94},"skip":true},"52":{"start":{"line":188,"column":12},"end":{"line":188,"column":48},"skip":true},"53":{"start":{"line":192,"column":8},"end":{"line":192,"column":35},"skip":true},"54":{"start":{"line":193,"column":8},"end":{"line":193,"column":14},"skip":true}},"branchMap":{"1":{"line":25,"type":"binary-expr","locations":[{"start":{"line":25,"column":23},"end":{"line":25,"column":62}},{"start":{"line":26,"column":20},"end":{"line":26,"column":70}},{"start":{"line":27,"column":20},"end":{"line":27,"column":71}},{"start":{"line":28,"column":20},"end":{"line":28,"column":29}}]},"2":{"line":30,"type":"binary-expr","locations":[{"start":{"line":30,"column":23},"end":{"line":30,"column":37}},{"start":{"line":31,"column":20},"end":{"line":31,"column":61}},{"start":{"line":32,"column":20},"end":{"line":32,"column":70}},{"start":{"line":33,"column":20},"end":{"line":33,"column":26}}]},"3":{"line":37,"type":"cond-expr","locations":[{"start":{"line":38,"column":14},"end":{"line":38,"column":20}},{"start":{"line":39,"column":14},"end":{"line":39,"column":20}}]},"4":{"line":40,"type":"switch","locations":[{"start":{"line":42,"column":8},"end":{"line":47,"column":18}},{"start":{"line":49,"column":8},"end":{"line":52,"column":18}}]},"5":{"line":44,"type":"binary-expr","locations":[{"start":{"line":44,"column":16},"end":{"line":44,"column":44}},{"start":{"line":44,"column":48},"end":{"line":44,"column":66}}]},"6":{"line":50,"type":"binary-expr","locations":[{"start":{"line":50,"column":21},"end":{"line":50,"column":49}},{"start":{"line":50,"column":53},"end":{"line":50,"column":72}}]},"7":{"line":64,"type":"switch","locations":[{"start":{"line":69,"column":4},"end":{"line":70,"column":14}},{"start":{"line":75,"column":4},"end":{"line":76,"column":14}}]},"8":{"line":85,"type":"switch","locations":[{"start":{"line":90,"column":4},"end":{"line":105,"column":14}},{"start":{"line":111,"column":4},"end":{"line":193,"column":14},"skip":true}]},"9":{"line":91,"type":"binary-expr","locations":[{"start":{"line":91,"column":42},"end":{"line":91,"column":73}},{"start":{"line":91,"column":77},"end":{"line":99,"column":9}}]},"10":{"line":102,"type":"binary-expr","locations":[{"start":{"line":102,"column":18},"end":{"line":102,"column":32}},{"start":{"line":103,"column":12},"end":{"line":103,"column":53}},{"start":{"line":104,"column":12},"end":{"line":104,"column":61}}]},"11":{"line":112,"type":"binary-expr","locations":[{"start":{"line":112,"column":45},"end":{"line":112,"column":79},"skip":true},{"start":{"line":112,"column":83},"end":{"line":121,"column":9},"skip":true}]},"12":{"line":123,"type":"binary-expr","locations":[{"start":{"line":123,"column":42},"end":{"line":123,"column":73},"skip":true},{"start":{"line":123,"column":77},"end":{"line":136,"column":9},"skip":true}]},"13":{"line":138,"type":"binary-expr","locations":[{"start":{"line":138,"column":48},"end":{"line":138,"column":85},"skip":true},{"start":{"line":139,"column":12},"end":{"line":145,"column":13},"skip":true}]},"14":{"line":147,"type":"binary-expr","locations":[{"start":{"line":147,"column":42},"end":{"line":147,"column":73},"skip":true},{"start":{"line":147,"column":77},"end":{"line":156,"column":9},"skip":true}]},"15":{"line":158,"type":"binary-expr","locations":[{"start":{"line":158,"column":45},"end":{"line":158,"column":79},"skip":true},{"start":{"line":158,"column":83},"end":{"line":167,"column":9},"skip":true}]},"16":{"line":169,"type":"binary-expr","locations":[{"start":{"line":169,"column":43},"end":{"line":169,"column":75},"skip":true},{"start":{"line":169,"column":79},"end":{"line":178,"column":9},"skip":true}]},"17":{"line":180,"type":"binary-expr","locations":[{"start":{"line":180,"column":41},"end":{"line":180,"column":71},"skip":true},{"start":{"line":180,"column":75},"end":{"line":189,"column":9},"skip":true}]}},"code":["/* istanbul instrument in package npmtest_eslint_plugin_flowtype */","/*jslint","    bitwise: true,","    browser: true,","    maxerr: 8,","    maxlen: 96,","    node: true,","    nomen: true,","    regexp: true,","    stupid: true","*/","(function () {","    'use strict';","    var local;","","","","    // run shared js-env code - pre-init","    (function () {","        // init local","        local = {};","        // init modeJs","        local.modeJs = (function () {","            try {","                return typeof navigator.userAgent === 'string' &&","                    typeof document.querySelector('body') === 'object' &&","                    typeof XMLHttpRequest.prototype.open === 'function' &&","                    'browser';","            } catch (errorCaughtBrowser) {","                return module.exports &&","                    typeof process.versions.node === 'string' &&","                    typeof require('http').createServer === 'function' &&","                    'node';","            }","        }());","        // init global","        local.global = local.modeJs === 'browser'","            ? window","            : global;","        switch (local.modeJs) {","        // re-init local from window.local","        case 'browser':","            local = local.global.utility2.objectSetDefault(","                local.global.utility2_rollup || local.global.local,","                local.global.utility2","            );","            break;","        // re-init local from example.js","        case 'node':","            local = (local.global.utility2_rollup || require('utility2'))","                .requireReadme();","            break;","        }","        // export local","        local.global.local = local;","    }());","","","","    // run shared js-env code - function","    (function () {","        return;","    }());","    switch (local.modeJs) {","","","","    // run browser js-env code - function","    case 'browser':","        break;","","","","    // run node js-env code - function","    case 'node':","        break;","    }","","","","    // run shared js-env code - post-init","    (function () {","        return;","    }());","    switch (local.modeJs) {","","","","    // run browser js-env code - post-init","    case 'browser':","        local.testCase_browser_nullCase = local.testCase_browser_nullCase || function (","            options,","            onError","        ) {","        /*","         * this function will test browsers's null-case handling-behavior-behavior","         */","            onError(null, options);","        };","","        // run tests","        local.nop(local.modeTest &&","            document.querySelector('#testRunButton1') &&","            document.querySelector('#testRunButton1').click());","        break;","","","","    // run node js-env code - post-init","    /* istanbul ignore next */","    case 'node':","        local.testCase_buildApidoc_default = local.testCase_buildApidoc_default || function (","            options,","            onError","        ) {","        /*","         * this function will test buildApidoc's default handling-behavior-behavior","         */","            options = { modulePathList: module.paths };","            local.buildApidoc(options, onError);","        };","","        local.testCase_buildApp_default = local.testCase_buildApp_default || function (","            options,","            onError","        ) {","        /*","         * this function will test buildApp's default handling-behavior-behavior","         */","            local.testCase_buildReadme_default(options, local.onErrorThrow);","            local.testCase_buildLib_default(options, local.onErrorThrow);","            local.testCase_buildTest_default(options, local.onErrorThrow);","            local.testCase_buildCustomOrg_default(options, local.onErrorThrow);","            options = [];","            local.buildApp(options, onError);","        };","","        local.testCase_buildCustomOrg_default = local.testCase_buildCustomOrg_default ||","            function (options, onError) {","            /*","             * this function will test buildCustomOrg's default handling-behavior","             */","                options = {};","                local.buildCustomOrg(options, onError);","            };","","        local.testCase_buildLib_default = local.testCase_buildLib_default || function (","            options,","            onError","        ) {","        /*","         * this function will test buildLib's default handling-behavior","         */","            options = {};","            local.buildLib(options, onError);","        };","","        local.testCase_buildReadme_default = local.testCase_buildReadme_default || function (","            options,","            onError","        ) {","        /*","         * this function will test buildReadme's default handling-behavior-behavior","         */","            options = {};","            local.buildReadme(options, onError);","        };","","        local.testCase_buildTest_default = local.testCase_buildTest_default || function (","            options,","            onError","        ) {","        /*","         * this function will test buildTest's default handling-behavior","         */","            options = {};","            local.buildTest(options, onError);","        };","","        local.testCase_webpage_default = local.testCase_webpage_default || function (","            options,","            onError","        ) {","        /*","         * this function will test webpage's default handling-behavior","         */","            options = { modeCoverageMerge: true, url: local.serverLocalHost + '?modeTest=1' };","            local.browserTest(options, onError);","        };","","        // run test-server","        local.testRunServer(local);","        break;","    }","}());",""],"l":{"12":2,"14":2,"19":2,"21":2,"23":2,"24":2,"25":2,"30":1,"37":2,"40":2,"43":1,"47":1,"50":1,"52":1,"55":2,"61":2,"62":2,"64":2,"70":1,"76":1,"82":2,"83":2,"85":2,"91":1,"98":1,"102":1,"105":1,"112":1,"119":1,"120":1,"123":1,"130":1,"131":1,"132":1,"133":1,"134":1,"135":1,"138":1,"143":2,"144":2,"147":1,"154":2,"155":2,"158":1,"165":2,"166":2,"169":1,"176":2,"177":2,"180":1,"187":1,"188":1,"192":1,"193":1}},"/home/travis/build/npmtest/node-npmtest-eslint-plugin-flowtype/lib.npmtest_eslint_plugin_flowtype.js":{"path":"/home/travis/build/npmtest/node-npmtest-eslint-plugin-flowtype/lib.npmtest_eslint_plugin_flowtype.js","s":{"1":2,"2":2,"3":2,"4":2,"5":2,"6":2,"7":2,"8":1,"9":2,"10":2,"11":2,"12":2,"13":1,"14":1,"15":1,"16":1},"b":{"1":[2,1,1,1],"2":[1,1,1,1],"3":[1,1],"4":[2,2],"5":[1,1]},"f":{"1":2,"2":2,"3":2},"fnMap":{"1":{"name":"(anonymous_1)","line":12,"loc":{"start":{"line":12,"column":1},"end":{"line":12,"column":13}}},"2":{"name":"(anonymous_2)","line":19,"loc":{"start":{"line":19,"column":5},"end":{"line":19,"column":17}}},"3":{"name":"(anonymous_3)","line":23,"loc":{"start":{"line":23,"column":24},"end":{"line":23,"column":36}}}},"statementMap":{"1":{"start":{"line":12,"column":0},"end":{"line":53,"column":5}},"2":{"start":{"line":14,"column":4},"end":{"line":14,"column":14}},"3":{"start":{"line":19,"column":4},"end":{"line":52,"column":9}},"4":{"start":{"line":21,"column":8},"end":{"line":21,"column":19}},"5":{"start":{"line":23,"column":8},"end":{"line":35,"column":13}},"6":{"start":{"line":24,"column":12},"end":{"line":34,"column":13}},"7":{"start":{"line":25,"column":16},"end":{"line":28,"column":30}},"8":{"start":{"line":30,"column":16},"end":{"line":33,"column":27}},"9":{"start":{"line":37,"column":8},"end":{"line":39,"column":21}},"10":{"start":{"line":41,"column":8},"end":{"line":41,"column":54}},"11":{"start":{"line":43,"column":8},"end":{"line":43,"column":67}},"12":{"start":{"line":45,"column":8},"end":{"line":51,"column":9}},"13":{"start":{"line":46,"column":12},"end":{"line":46,"column":73}},"14":{"start":{"line":48,"column":12},"end":{"line":48,"column":35}},"15":{"start":{"line":49,"column":12},"end":{"line":49,"column":49}},"16":{"start":{"line":50,"column":12},"end":{"line":50,"column":43}}},"branchMap":{"1":{"line":25,"type":"binary-expr","locations":[{"start":{"line":25,"column":23},"end":{"line":25,"column":62}},{"start":{"line":26,"column":20},"end":{"line":26,"column":70}},{"start":{"line":27,"column":20},"end":{"line":27,"column":71}},{"start":{"line":28,"column":20},"end":{"line":28,"column":29}}]},"2":{"line":30,"type":"binary-expr","locations":[{"start":{"line":30,"column":23},"end":{"line":30,"column":37}},{"start":{"line":31,"column":20},"end":{"line":31,"column":61}},{"start":{"line":32,"column":20},"end":{"line":32,"column":70}},{"start":{"line":33,"column":20},"end":{"line":33,"column":26}}]},"3":{"line":37,"type":"cond-expr","locations":[{"start":{"line":38,"column":14},"end":{"line":38,"column":20}},{"start":{"line":39,"column":14},"end":{"line":39,"column":20}}]},"4":{"line":41,"type":"binary-expr","locations":[{"start":{"line":41,"column":16},"end":{"line":41,"column":44}},{"start":{"line":41,"column":48},"end":{"line":41,"column":53}}]},"5":{"line":45,"type":"if","locations":[{"start":{"line":45,"column":8},"end":{"line":45,"column":8}},{"start":{"line":45,"column":8},"end":{"line":45,"column":8}}]}},"code":["/* istanbul instrument in package npmtest_eslint_plugin_flowtype */","/*jslint","    bitwise: true,","    browser: true,","    maxerr: 8,","    maxlen: 96,","    node: true,","    nomen: true,","    regexp: true,","    stupid: true","*/","(function () {","    'use strict';","    var local;","","","","    // run shared js-env code - pre-init","    (function () {","        // init local","        local = {};","        // init modeJs","        local.modeJs = (function () {","            try {","                return typeof navigator.userAgent === 'string' &&","                    typeof document.querySelector('body') === 'object' &&","                    typeof XMLHttpRequest.prototype.open === 'function' &&","                    'browser';","            } catch (errorCaughtBrowser) {","                return module.exports &&","                    typeof process.versions.node === 'string' &&","                    typeof require('http').createServer === 'function' &&","                    'node';","            }","        }());","        // init global","        local.global = local.modeJs === 'browser'","            ? window","            : global;","        // init utility2_rollup","        local = local.global.utility2_rollup || local;","        // init lib","        local.local = local.npmtest_eslint_plugin_flowtype = local;","        // init exports","        if (local.modeJs === 'browser') {","            local.global.utility2_npmtest_eslint_plugin_flowtype = local;","        } else {","            module.exports = local;","            module.exports.__dirname = __dirname;","            module.exports.module = module;","        }","    }());","}());",""],"l":{"12":2,"14":2,"19":2,"21":2,"23":2,"24":2,"25":2,"30":1,"37":2,"41":2,"43":2,"45":2,"46":1,"48":1,"49":1,"50":1}},"/home/travis/build/npmtest/node-npmtest-eslint-plugin-flowtype/example.js":{"path":"/home/travis/build/npmtest/node-npmtest-eslint-plugin-flowtype/example.js","s":{"1":2,"2":2,"3":2,"4":2,"5":2,"6":2,"7":2,"8":1,"9":2,"10":2,"11":2,"12":2,"13":1,"14":2,"15":2,"16":2,"17":2,"18":2,"19":0,"20":2,"21":1,"22":1,"23":1,"24":1,"25":1,"26":0,"27":0,"28":1,"29":1,"30":2,"31":0,"32":0,"33":0,"34":1,"35":2,"36":2,"37":3,"38":3,"39":3,"40":3,"41":0,"42":3,"43":3,"44":3,"45":1,"46":3,"47":1,"48":1,"49":1,"50":1,"51":1,"52":1,"53":1,"54":1,"55":1,"56":1,"57":0,"58":1,"59":6,"60":6,"61":1,"62":2,"63":0,"64":2,"65":1,"66":1,"67":0,"68":0,"69":0,"70":0,"71":0,"72":0,"73":0,"74":0,"75":0,"76":0,"77":0,"78":0,"79":0,"80":0,"81":0,"82":0,"83":0},"b":{"1":[2,1,1,1],"2":[1,1,1,1],"3":[1,1],"4":[2,2],"5":[1,1],"6":[1,1],"7":[2,0],"8":[2,1,1,1,1,1],"9":[0,2,0],"10":[1,1],"11":[2,1,1],"12":[1,0],"13":[0,2],"14":[2,0,0,0,0,0,0],"15":[0,3],"16":[3,0],"17":[1,1],"18":[0,1],"19":[1,2,0,2],"20":[1,0],"21":[1,1],"22":[0,0],"23":[0,0],"24":[0,0],"25":[0,0],"26":[0,0],"27":[0,0],"28":[0,0]},"f":{"1":2,"2":2,"3":2,"4":2,"5":2,"6":2,"7":3,"8":3,"9":3,"10":1,"11":6,"12":0},"fnMap":{"1":{"name":"(anonymous_1)","line":26,"loc":{"start":{"line":26,"column":1},"end":{"line":26,"column":13}}},"2":{"name":"(anonymous_2)","line":33,"loc":{"start":{"line":33,"column":5},"end":{"line":33,"column":17}}},"3":{"name":"(anonymous_3)","line":37,"loc":{"start":{"line":37,"column":24},"end":{"line":37,"column":36}}},"4":{"name":"(anonymous_4)","line":69,"loc":{"start":{"line":69,"column":31},"end":{"line":69,"column":48}},"skip":true},"5":{"name":"(anonymous_5)","line":78,"loc":{"start":{"line":78,"column":26},"end":{"line":78,"column":45}},"skip":true},"6":{"name":"(anonymous_6)","line":123,"loc":{"start":{"line":123,"column":33},"end":{"line":123,"column":48}},"skip":true},"7":{"name":"(anonymous_7)","line":125,"loc":{"start":{"line":125,"column":27},"end":{"line":125,"column":39}},"skip":true},"8":{"name":"(anonymous_8)","line":133,"loc":{"start":{"line":133,"column":59},"end":{"line":133,"column":74}},"skip":true},"9":{"name":"(anonymous_9)","line":143,"loc":{"start":{"line":143,"column":45},"end":{"line":143,"column":62}},"skip":true},"10":{"name":"(anonymous_10)","line":144,"loc":{"start":{"line":144,"column":73},"end":{"line":144,"column":92}},"skip":true},"11":{"name":"(anonymous_11)","line":272,"loc":{"start":{"line":272,"column":51},"end":{"line":272,"column":77}},"skip":true},"12":{"name":"(anonymous_12)","line":315,"loc":{"start":{"line":315,"column":32},"end":{"line":315,"column":61}},"skip":true}},"statementMap":{"1":{"start":{"line":26,"column":0},"end":{"line":326,"column":5}},"2":{"start":{"line":28,"column":4},"end":{"line":28,"column":14}},"3":{"start":{"line":33,"column":4},"end":{"line":60,"column":9}},"4":{"start":{"line":35,"column":8},"end":{"line":35,"column":19}},"5":{"start":{"line":37,"column":8},"end":{"line":49,"column":13}},"6":{"start":{"line":38,"column":12},"end":{"line":48,"column":13}},"7":{"start":{"line":39,"column":16},"end":{"line":42,"column":30}},"8":{"start":{"line":44,"column":16},"end":{"line":47,"column":27}},"9":{"start":{"line":51,"column":8},"end":{"line":53,"column":21}},"10":{"start":{"line":55,"column":8},"end":{"line":57,"column":45}},"11":{"start":{"line":59,"column":8},"end":{"line":59,"column":35}},"12":{"start":{"line":61,"column":4},"end":{"line":325,"column":5}},"13":{"start":{"line":69,"column":8},"end":{"line":121,"column":10},"skip":true},"14":{"start":{"line":70,"column":12},"end":{"line":88,"column":13},"skip":true},"15":{"start":{"line":76,"column":16},"end":{"line":87,"column":19},"skip":true},"16":{"start":{"line":79,"column":20},"end":{"line":86,"column":21},"skip":true},"17":{"start":{"line":82,"column":24},"end":{"line":82,"column":43},"skip":true},"18":{"start":{"line":83,"column":24},"end":{"line":83,"column":30},"skip":true},"19":{"start":{"line":85,"column":24},"end":{"line":85,"column":49},"skip":true},"20":{"start":{"line":89,"column":12},"end":{"line":107,"column":13},"skip":true},"21":{"start":{"line":92,"column":16},"end":{"line":102,"column":17},"skip":true},"22":{"start":{"line":93,"column":20},"end":{"line":93,"column":86},"skip":true},"23":{"start":{"line":94,"column":20},"end":{"line":95,"column":45},"skip":true},"24":{"start":{"line":96,"column":20},"end":{"line":96,"column":42},"skip":true},"25":{"start":{"line":97,"column":20},"end":{"line":97,"column":48},"skip":true},"26":{"start":{"line":100,"column":20},"end":{"line":100,"column":85},"skip":true},"27":{"start":{"line":101,"column":20},"end":{"line":101,"column":96},"skip":true},"28":{"start":{"line":103,"column":16},"end":{"line":103,"column":22},"skip":true},"29":{"start":{"line":106,"column":16},"end":{"line":106,"column":22},"skip":true},"30":{"start":{"line":108,"column":12},"end":{"line":120,"column":13},"skip":true},"31":{"start":{"line":114,"column":16},"end":{"line":119,"column":17},"skip":true},"32":{"start":{"line":116,"column":20},"end":{"line":116,"column":78},"skip":true},"33":{"start":{"line":118,"column":20},"end":{"line":118,"column":47},"skip":true},"34":{"start":{"line":123,"column":8},"end":{"line":141,"column":11},"skip":true},"35":{"start":{"line":124,"column":12},"end":{"line":124,"column":54},"skip":true},"36":{"start":{"line":125,"column":12},"end":{"line":140,"column":14},"skip":true},"37":{"start":{"line":126,"column":16},"end":{"line":126,"column":28},"skip":true},"38":{"start":{"line":127,"column":16},"end":{"line":127,"column":69},"skip":true},"39":{"start":{"line":128,"column":16},"end":{"line":128,"column":75},"skip":true},"40":{"start":{"line":129,"column":16},"end":{"line":131,"column":17},"skip":true},"41":{"start":{"line":130,"column":20},"end":{"line":130,"column":27},"skip":true},"42":{"start":{"line":133,"column":16},"end":{"line":137,"column":36},"skip":true},"43":{"start":{"line":134,"column":20},"end":{"line":136,"column":55},"skip":true},"44":{"start":{"line":139,"column":16},"end":{"line":139,"column":57},"skip":true},"45":{"start":{"line":143,"column":8},"end":{"line":147,"column":11},"skip":true},"46":{"start":{"line":144,"column":12},"end":{"line":146,"column":15},"skip":true},"47":{"start":{"line":145,"column":16},"end":{"line":145,"column":70},"skip":true},"48":{"start":{"line":149,"column":8},"end":{"line":149,"column":31},"skip":true},"49":{"start":{"line":150,"column":8},"end":{"line":150,"column":14},"skip":true},"50":{"start":{"line":158,"column":8},"end":{"line":158,"column":31},"skip":true},"51":{"start":{"line":160,"column":8},"end":{"line":160,"column":33},"skip":true},"52":{"start":{"line":161,"column":8},"end":{"line":161,"column":37},"skip":true},"53":{"start":{"line":162,"column":8},"end":{"line":162,"column":35},"skip":true},"54":{"start":{"line":164,"column":8},"end":{"line":164,"column":50},"skip":true},"55":{"start":{"line":166,"column":8},"end":{"line":256,"column":2},"skip":true},"56":{"start":{"line":258,"column":8},"end":{"line":286,"column":9},"skip":true},"57":{"start":{"line":259,"column":12},"end":{"line":269,"column":14},"skip":true},"58":{"start":{"line":271,"column":12},"end":{"line":285,"column":19},"skip":true},"59":{"start":{"line":274,"column":20},"end":{"line":274,"column":35},"skip":true},"60":{"start":{"line":275,"column":20},"end":{"line":284,"column":21},"skip":true},"61":{"start":{"line":277,"column":24},"end":{"line":277,"column":64},"skip":true},"62":{"start":{"line":279,"column":24},"end":{"line":279,"column":40},"skip":true},"63":{"start":{"line":281,"column":24},"end":{"line":281,"column":40},"skip":true},"64":{"start":{"line":283,"column":24},"end":{"line":283,"column":39},"skip":true},"65":{"start":{"line":288,"column":8},"end":{"line":290,"column":9},"skip":true},"66":{"start":{"line":289,"column":12},"end":{"line":289,"column":18},"skip":true},"67":{"start":{"line":291,"column":8},"end":{"line":293,"column":54},"skip":true},"68":{"start":{"line":296,"column":8},"end":{"line":301,"column":37},"skip":true},"69":{"start":{"line":303,"column":8},"end":{"line":303,"column":82},"skip":true},"70":{"start":{"line":306,"column":8},"end":{"line":308,"column":9},"skip":true},"71":{"start":{"line":307,"column":12},"end":{"line":307,"column":82},"skip":true},"72":{"start":{"line":310,"column":8},"end":{"line":312,"column":9},"skip":true},"73":{"start":{"line":311,"column":12},"end":{"line":311,"column":18},"skip":true},"74":{"start":{"line":313,"column":8},"end":{"line":313,"column":54},"skip":true},"75":{"start":{"line":314,"column":8},"end":{"line":314,"column":69},"skip":true},"76":{"start":{"line":315,"column":8},"end":{"line":323,"column":36},"skip":true},"77":{"start":{"line":316,"column":12},"end":{"line":316,"column":61},"skip":true},"78":{"start":{"line":317,"column":12},"end":{"line":320,"column":13},"skip":true},"79":{"start":{"line":318,"column":16},"end":{"line":318,"column":75},"skip":true},"80":{"start":{"line":319,"column":16},"end":{"line":319,"column":23},"skip":true},"81":{"start":{"line":321,"column":12},"end":{"line":321,"column":38},"skip":true},"82":{"start":{"line":322,"column":12},"end":{"line":322,"column":27},"skip":true},"83":{"start":{"line":324,"column":8},"end":{"line":324,"column":14},"skip":true}},"branchMap":{"1":{"line":39,"type":"binary-expr","locations":[{"start":{"line":39,"column":23},"end":{"line":39,"column":62}},{"start":{"line":40,"column":20},"end":{"line":40,"column":70}},{"start":{"line":41,"column":20},"end":{"line":41,"column":71}},{"start":{"line":42,"column":20},"end":{"line":42,"column":29}}]},"2":{"line":44,"type":"binary-expr","locations":[{"start":{"line":44,"column":23},"end":{"line":44,"column":37}},{"start":{"line":45,"column":20},"end":{"line":45,"column":61}},{"start":{"line":46,"column":20},"end":{"line":46,"column":70}},{"start":{"line":47,"column":20},"end":{"line":47,"column":26}}]},"3":{"line":51,"type":"cond-expr","locations":[{"start":{"line":52,"column":14},"end":{"line":52,"column":20}},{"start":{"line":53,"column":14},"end":{"line":53,"column":20}}]},"4":{"line":55,"type":"binary-expr","locations":[{"start":{"line":55,"column":16},"end":{"line":55,"column":44}},{"start":{"line":55,"column":49},"end":{"line":57,"column":43}}]},"5":{"line":55,"type":"cond-expr","locations":[{"start":{"line":56,"column":14},"end":{"line":56,"column":66}},{"start":{"line":57,"column":14},"end":{"line":57,"column":43}}]},"6":{"line":61,"type":"switch","locations":[{"start":{"line":68,"column":4},"end":{"line":150,"column":14},"skip":true},{"start":{"line":156,"column":4},"end":{"line":324,"column":14},"skip":true}]},"7":{"line":70,"type":"if","locations":[{"start":{"line":70,"column":12},"end":{"line":70,"column":12},"skip":true},{"start":{"line":70,"column":12},"end":{"line":70,"column":12},"skip":true}]},"8":{"line":70,"type":"binary-expr","locations":[{"start":{"line":70,"column":16},"end":{"line":70,"column":22},"skip":true},{"start":{"line":70,"column":27},"end":{"line":70,"column":32},"skip":true},{"start":{"line":71,"column":20},"end":{"line":71,"column":39},"skip":true},{"start":{"line":72,"column":20},"end":{"line":72,"column":49},"skip":true},{"start":{"line":73,"column":20},"end":{"line":73,"column":58},"skip":true},{"start":{"line":74,"column":20},"end":{"line":74,"column":69},"skip":true}]},"9":{"line":79,"type":"switch","locations":[{"start":{"line":80,"column":20},"end":{"line":80,"column":33},"skip":true},{"start":{"line":81,"column":20},"end":{"line":83,"column":30},"skip":true},{"start":{"line":84,"column":20},"end":{"line":85,"column":49},"skip":true}]},"10":{"line":89,"type":"switch","locations":[{"start":{"line":90,"column":12},"end":{"line":103,"column":22},"skip":true},{"start":{"line":105,"column":12},"end":{"line":106,"column":22},"skip":true}]},"11":{"line":89,"type":"binary-expr","locations":[{"start":{"line":89,"column":20},"end":{"line":89,"column":25},"skip":true},{"start":{"line":89,"column":29},"end":{"line":89,"column":48},"skip":true},{"start":{"line":89,"column":52},"end":{"line":89,"column":74},"skip":true}]},"12":{"line":92,"type":"if","locations":[{"start":{"line":92,"column":16},"end":{"line":92,"column":16},"skip":true},{"start":{"line":92,"column":16},"end":{"line":92,"column":16},"skip":true}]},"13":{"line":108,"type":"if","locations":[{"start":{"line":108,"column":12},"end":{"line":108,"column":12},"skip":true},{"start":{"line":108,"column":12},"end":{"line":108,"column":12},"skip":true}]},"14":{"line":108,"type":"binary-expr","locations":[{"start":{"line":108,"column":16},"end":{"line":108,"column":61},"skip":true},{"start":{"line":108,"column":66},"end":{"line":108,"column":72},"skip":true},{"start":{"line":108,"column":77},"end":{"line":108,"column":82},"skip":true},{"start":{"line":109,"column":20},"end":{"line":109,"column":39},"skip":true},{"start":{"line":110,"column":20},"end":{"line":110,"column":49},"skip":true},{"start":{"line":111,"column":20},"end":{"line":111,"column":58},"skip":true},{"start":{"line":112,"column":20},"end":{"line":112,"column":68},"skip":true}]},"15":{"line":129,"type":"if","locations":[{"start":{"line":129,"column":16},"end":{"line":129,"column":16},"skip":true},{"start":{"line":129,"column":16},"end":{"line":129,"column":16},"skip":true}]},"16":{"line":134,"type":"cond-expr","locations":[{"start":{"line":135,"column":26},"end":{"line":135,"column":29},"skip":true},{"start":{"line":136,"column":26},"end":{"line":136,"column":54},"skip":true}]},"17":{"line":164,"type":"binary-expr","locations":[{"start":{"line":164,"column":27},"end":{"line":164,"column":43},"skip":true},{"start":{"line":164,"column":47},"end":{"line":164,"column":49},"skip":true}]},"18":{"line":258,"type":"if","locations":[{"start":{"line":258,"column":8},"end":{"line":258,"column":8},"skip":true},{"start":{"line":258,"column":8},"end":{"line":258,"column":8},"skip":true}]},"19":{"line":275,"type":"switch","locations":[{"start":{"line":276,"column":20},"end":{"line":277,"column":64},"skip":true},{"start":{"line":278,"column":20},"end":{"line":279,"column":40},"skip":true},{"start":{"line":280,"column":20},"end":{"line":281,"column":40},"skip":true},{"start":{"line":282,"column":20},"end":{"line":283,"column":39},"skip":true}]},"20":{"line":288,"type":"if","locations":[{"start":{"line":288,"column":8},"end":{"line":288,"column":8},"skip":true},{"start":{"line":288,"column":8},"end":{"line":288,"column":8},"skip":true}]},"21":{"line":288,"type":"binary-expr","locations":[{"start":{"line":288,"column":12},"end":{"line":288,"column":40},"skip":true},{"start":{"line":288,"column":44},"end":{"line":288,"column":67},"skip":true}]},"22":{"line":292,"type":"binary-expr","locations":[{"start":{"line":292,"column":12},"end":{"line":292,"column":50},"skip":true},{"start":{"line":293,"column":12},"end":{"line":293,"column":53},"skip":true}]},"23":{"line":297,"type":"binary-expr","locations":[{"start":{"line":297,"column":12},"end":{"line":297,"column":80},"skip":true},{"start":{"line":298,"column":12},"end":{"line":301,"column":36},"skip":true}]},"24":{"line":303,"type":"binary-expr","locations":[{"start":{"line":303,"column":43},"end":{"line":303,"column":75},"skip":true},{"start":{"line":303,"column":79},"end":{"line":303,"column":81},"skip":true}]},"25":{"line":306,"type":"if","locations":[{"start":{"line":306,"column":8},"end":{"line":306,"column":8},"skip":true},{"start":{"line":306,"column":8},"end":{"line":306,"column":8},"skip":true}]},"26":{"line":310,"type":"if","locations":[{"start":{"line":310,"column":8},"end":{"line":310,"column":8},"skip":true},{"start":{"line":310,"column":8},"end":{"line":310,"column":8},"skip":true}]},"27":{"line":313,"type":"binary-expr","locations":[{"start":{"line":313,"column":27},"end":{"line":313,"column":43},"skip":true},{"start":{"line":313,"column":47},"end":{"line":313,"column":53},"skip":true}]},"28":{"line":317,"type":"if","locations":[{"start":{"line":317,"column":12},"end":{"line":317,"column":12},"skip":true},{"start":{"line":317,"column":12},"end":{"line":317,"column":12},"skip":true}]}},"code":["/*","example.js","","quickstart example","","instruction","    1. save this script as example.js","    2. run the shell command:","        $ npm install npmtest-eslint-plugin-flowtype && PORT=8081 node example.js","    3. play with the browser-demo on http://127.0.0.1:8081","*/","","","","/* istanbul instrument in package npmtest_eslint_plugin_flowtype */","/*jslint","    bitwise: true,","    browser: true,","    maxerr: 8,","    maxlen: 96,","    node: true,","    nomen: true,","    regexp: true,","    stupid: true","*/","(function () {","    'use strict';","    var local;","","","","    // run shared js-env code - pre-init","    (function () {","        // init local","        local = {};","        // init modeJs","        local.modeJs = (function () {","            try {","                return typeof navigator.userAgent === 'string' &&","                    typeof document.querySelector('body') === 'object' &&","                    typeof XMLHttpRequest.prototype.open === 'function' &&","                    'browser';","            } catch (errorCaughtBrowser) {","                return module.exports &&","                    typeof process.versions.node === 'string' &&","                    typeof require('http').createServer === 'function' &&","                    'node';","            }","        }());","        // init global","        local.global = local.modeJs === 'browser'","            ? window","            : global;","        // init utility2_rollup","        local = local.global.utility2_rollup || (local.modeJs === 'browser'","            ? local.global.utility2_npmtest_eslint_plugin_flowtype","            : global.utility2_moduleExports);","        // export local","        local.global.local = local;","    }());","    switch (local.modeJs) {","","","","    // post-init","    // run browser js-env code - post-init","    /* istanbul ignore next */","    case 'browser':","        local.testRunBrowser = function (event) {","            if (!event || (event &&","                    event.currentTarget &&","                    event.currentTarget.className &&","                    event.currentTarget.className.includes &&","                    event.currentTarget.className.includes('onreset'))) {","                // reset output","                Array.from(","                    document.querySelectorAll('body > .resettable')","                ).forEach(function (element) {","                    switch (element.tagName) {","                    case 'INPUT':","                    case 'TEXTAREA':","                        element.value = '';","                        break;","                    default:","                        element.textContent = '';","                    }","                });","            }","            switch (event && event.currentTarget && event.currentTarget.id) {","            case 'testRunButton1':","                // show tests","                if (document.querySelector('#testReportDiv1').style.display === 'none') {","                    document.querySelector('#testReportDiv1').style.display = 'block';","                    document.querySelector('#testRunButton1').textContent =","                        'hide internal test';","                    local.modeTest = true;","                    local.testRunDefault(local);","                // hide tests","                } else {","                    document.querySelector('#testReportDiv1').style.display = 'none';","                    document.querySelector('#testRunButton1').textContent = 'run internal test';","                }","                break;","            // custom-case","            default:","                break;","            }","            if (document.querySelector('#inputTextareaEval1') && (!event || (event &&","                    event.currentTarget &&","                    event.currentTarget.className &&","                    event.currentTarget.className.includes &&","                    event.currentTarget.className.includes('oneval')))) {","                // try to eval input-code","                try {","                    /*jslint evil: true*/","                    eval(document.querySelector('#inputTextareaEval1').value);","                } catch (errorCaught) {","                    console.error(errorCaught);","                }","            }","        };","        // log stderr and stdout to #outputTextareaStdout1","        ['error', 'log'].forEach(function (key) {","            console[key + '_original'] = console[key];","            console[key] = function () {","                var element;","                console[key + '_original'].apply(console, arguments);","                element = document.querySelector('#outputTextareaStdout1');","                if (!element) {","                    return;","                }","                // append text to #outputTextareaStdout1","                element.value += Array.from(arguments).map(function (arg) {","                    return typeof arg === 'string'","                        ? arg","                        : JSON.stringify(arg, null, 4);","                }).join(' ') + '\\n';","                // scroll textarea to bottom","                element.scrollTop = element.scrollHeight;","            };","        });","        // init event-handling","        ['change', 'click', 'keyup'].forEach(function (event) {","            Array.from(document.querySelectorAll('.on' + event)).forEach(function (element) {","                element.addEventListener(event, local.testRunBrowser);","            });","        });","        // run tests","        local.testRunBrowser();","        break;","","","","    // run node js-env code - post-init","    /* istanbul ignore next */","    case 'node':","        // export local","        module.exports = local;","        // require modules","        local.fs = require('fs');","        local.http = require('http');","        local.url = require('url');","        // init assets","        local.assetsDict = local.assetsDict || {};","        /* jslint-ignore-begin */","        local.assetsDict['/assets.index.template.html'] = '\\","<!doctype html>\\n\\","<html lang=\"en\">\\n\\","<head>\\n\\","<meta charset=\"UTF-8\">\\n\\","<meta name=\"viewport\" content=\"width=device-width, initial-scale=1\">\\n\\","<title>{{env.npm_package_name}} (v{{env.npm_package_version}})</title>\\n\\","<style>\\n\\","/*csslint\\n\\","    box-sizing: false,\\n\\","    universal-selector: false\\n\\","*/\\n\\","* {\\n\\","    box-sizing: border-box;\\n\\","}\\n\\","body {\\n\\","    background: #dde;\\n\\","    font-family: Arial, Helvetica, sans-serif;\\n\\","    margin: 2rem;\\n\\","}\\n\\","body > * {\\n\\","    margin-bottom: 1rem;\\n\\","}\\n\\",".utility2FooterDiv {\\n\\","    margin-top: 20px;\\n\\","    text-align: center;\\n\\","}\\n\\","</style>\\n\\","<style>\\n\\","/*csslint\\n\\","*/\\n\\","textarea {\\n\\","    font-family: monospace;\\n\\","    height: 10rem;\\n\\","    width: 100%;\\n\\","}\\n\\","textarea[readonly] {\\n\\","    background: #ddd;\\n\\","}\\n\\","</style>\\n\\","</head>\\n\\","<body>\\n\\","<!-- utility2-comment\\n\\","<div id=\"ajaxProgressDiv1\" style=\"background: #d00; height: 2px; left: 0; margin: 0; padding: 0; position: fixed; top: 0; transition: background 0.5s, width 1.5s; width: 25%;\"></div>\\n\\","utility2-comment -->\\n\\","<h1>\\n\\","<!-- utility2-comment\\n\\","    <a\\n\\","        {{#if env.npm_package_homepage}}\\n\\","        href=\"{{env.npm_package_homepage}}\"\\n\\","        {{/if env.npm_package_homepage}}\\n\\","        target=\"_blank\"\\n\\","    >\\n\\","utility2-comment -->\\n\\","        {{env.npm_package_name}} (v{{env.npm_package_version}})\\n\\","<!-- utility2-comment\\n\\","    </a>\\n\\","utility2-comment -->\\n\\","</h1>\\n\\","<h3>{{env.npm_package_description}}</h3>\\n\\","<!-- utility2-comment\\n\\","<h4><a download href=\"assets.app.js\">download standalone app</a></h4>\\n\\","<button class=\"onclick onreset\" id=\"testRunButton1\">run internal test</button><br>\\n\\","<div id=\"testReportDiv1\" style=\"display: none;\"></div>\\n\\","utility2-comment -->\\n\\","\\n\\","\\n\\","\\n\\","<label>stderr and stdout</label>\\n\\","<textarea class=\"resettable\" id=\"outputTextareaStdout1\" readonly></textarea>\\n\\","<!-- utility2-comment\\n\\","{{#if isRollup}}\\n\\","<script src=\"assets.app.js\"></script>\\n\\","{{#unless isRollup}}\\n\\","utility2-comment -->\\n\\","<script src=\"assets.utility2.rollup.js\"></script>\\n\\","<script src=\"jsonp.utility2._stateInit?callback=window.utility2._stateInit\"></script>\\n\\","<script src=\"assets.npmtest_eslint_plugin_flowtype.rollup.js\"></script>\\n\\","<script src=\"assets.example.js\"></script>\\n\\","<script src=\"assets.test.js\"></script>\\n\\","<!-- utility2-comment\\n\\","{{/if isRollup}}\\n\\","utility2-comment -->\\n\\","<div class=\"utility2FooterDiv\">\\n\\","    [ this app was created with\\n\\","    <a href=\"https://github.com/kaizhu256/node-utility2\" target=\"_blank\">utility2</a>\\n\\","    ]\\n\\","</div>\\n\\","</body>\\n\\","</html>\\n\\","';","        /* jslint-ignore-end */","        if (local.templateRender) {","            local.assetsDict['/'] = local.templateRender(","                local.assetsDict['/assets.index.template.html'],","                {","                    env: local.objectSetDefault(local.env, {","                        npm_package_description: 'the greatest app in the world!',","                        npm_package_name: 'my-app',","                        npm_package_nameAlias: 'my_app',","                        npm_package_version: '0.0.1'","                    })","                }","            );","        } else {","            local.assetsDict['/'] = local.assetsDict['/assets.index.template.html']","                .replace((/\\{\\{env\\.(\\w+?)\\}\\}/g), function (match0, match1) {","                    // jslint-hack","                    String(match0);","                    switch (match1) {","                    case 'npm_package_description':","                        return 'the greatest app in the world!';","                    case 'npm_package_name':","                        return 'my-app';","                    case 'npm_package_nameAlias':","                        return 'my_app';","                    case 'npm_package_version':","                        return '0.0.1';","                    }","                });","        }","        // run the cli","        if (local.global.utility2_rollup || module !== require.main) {","            break;","        }","        local.assetsDict['/assets.example.js'] =","            local.assetsDict['/assets.example.js'] ||","            local.fs.readFileSync(__filename, 'utf8');","        // bug-workaround - long $npm_package_buildCustomOrg","        /* jslint-ignore-begin */","        local.assetsDict['/assets.npmtest_eslint_plugin_flowtype.rollup.js'] =","            local.assetsDict['/assets.npmtest_eslint_plugin_flowtype.rollup.js'] ||","            local.fs.readFileSync(","                local.npmtest_eslint_plugin_flowtype.__dirname + '/lib.npmtest_eslint_plugin_flowtype.js',","                'utf8'","            ).replace((/^#!/), '//');","        /* jslint-ignore-end */","        local.assetsDict['/favicon.ico'] = local.assetsDict['/favicon.ico'] || '';","        // if $npm_config_timeout_exit exists,","        // then exit this process after $npm_config_timeout_exit ms","        if (Number(process.env.npm_config_timeout_exit)) {","            setTimeout(process.exit, Number(process.env.npm_config_timeout_exit));","        }","        // start server","        if (local.global.utility2_serverHttp1) {","            break;","        }","        process.env.PORT = process.env.PORT || '8081';","        console.error('server starting on port ' + process.env.PORT);","        local.http.createServer(function (request, response) {","            request.urlParsed = local.url.parse(request.url);","            if (local.assetsDict[request.urlParsed.pathname] !== undefined) {","                response.end(local.assetsDict[request.urlParsed.pathname]);","                return;","            }","            response.statusCode = 404;","            response.end();","        }).listen(process.env.PORT);","        break;","    }","}());",""],"l":{"26":2,"28":2,"33":2,"35":2,"37":2,"38":2,"39":2,"44":1,"51":2,"55":2,"59":2,"61":2,"69":1,"70":2,"76":2,"79":2,"82":2,"83":2,"85":1,"89":2,"92":1,"93":1,"94":1,"96":1,"97":1,"100":1,"101":1,"103":1,"106":1,"108":2,"114":1,"116":1,"118":1,"123":1,"124":2,"125":2,"126":3,"127":3,"128":3,"129":3,"130":1,"133":3,"134":3,"139":3,"143":1,"144":3,"145":1,"149":1,"150":1,"158":1,"160":1,"161":1,"162":1,"164":1,"166":1,"258":1,"259":1,"271":1,"274":6,"275":6,"277":1,"279":2,"281":1,"283":2,"288":1,"289":1,"291":1,"296":1,"303":1,"306":1,"307":1,"310":1,"311":1,"313":1,"314":1,"315":1,"316":1,"317":1,"318":1,"319":1,"321":1,"322":1,"324":1}},"/home/travis/build/npmtest/node-npmtest-eslint-plugin-flowtype/node_modules/eslint-plugin-flowtype/dist/index.js":{"path":"/home/travis/build/npmtest/node-npmtest-eslint-plugin-flowtype/node_modules/eslint-plugin-flowtype/dist/index.js","s":{"1":1,"2":1,"3":0,"4":0,"5":0,"6":0,"7":0,"8":0,"9":1,"10":1,"11":1,"12":1,"13":1,"14":1,"15":1,"16":1,"17":1,"18":1,"19":1,"20":1,"21":1,"22":1,"23":1,"24":1,"25":1,"26":1,"27":1,"28":1,"29":1,"30":1,"31":1,"32":1,"33":1,"34":1,"35":1,"36":1,"37":1,"38":1,"39":1,"40":1,"41":1,"42":1,"43":1,"44":1,"45":1,"46":1,"47":1,"48":1,"49":1,"50":1,"51":1,"52":1,"53":1,"54":1,"55":1,"56":1,"57":1,"58":1,"59":24,"60":1,"61":1,"62":22,"63":3,"64":19,"65":1,"66":18,"67":1},"b":{"1":[1,0],"2":[0,0],"3":[4,20],"4":[24,24],"5":[3,19],"6":[1,18]},"f":{"1":0,"2":24,"3":22},"fnMap":{"1":{"name":"(anonymous_1)","line":7,"loc":{"start":{"line":7,"column":32},"end":{"line":7,"column":50}}},"2":{"name":"_interopRequireDefault","line":107,"loc":{"start":{"line":107,"column":0},"end":{"line":107,"column":37}}},"3":{"name":"(anonymous_3)","line":138,"loc":{"start":{"line":138,"column":43},"end":{"line":138,"column":64}}}},"statementMap":{"1":{"start":{"line":3,"column":0},"end":{"line":5,"column":3}},"2":{"start":{"line":7,"column":0},"end":{"line":7,"column":257}},"3":{"start":{"line":7,"column":52},"end":{"line":7,"column":239}},"4":{"start":{"line":7,"column":97},"end":{"line":7,"column":123}},"5":{"start":{"line":7,"column":124},"end":{"line":7,"column":237}},"6":{"start":{"line":7,"column":150},"end":{"line":7,"column":235}},"7":{"start":{"line":7,"column":207},"end":{"line":7,"column":233}},"8":{"start":{"line":7,"column":240},"end":{"line":7,"column":254}},"9":{"start":{"line":9,"column":0},"end":{"line":9,"column":32}},"10":{"start":{"line":11,"column":0},"end":{"line":11,"column":47}},"11":{"start":{"line":13,"column":0},"end":{"line":13,"column":40}},"12":{"start":{"line":15,"column":0},"end":{"line":15,"column":56}},"13":{"start":{"line":17,"column":0},"end":{"line":17,"column":63}},"14":{"start":{"line":19,"column":0},"end":{"line":19,"column":56}},"15":{"start":{"line":21,"column":0},"end":{"line":21,"column":63}},"16":{"start":{"line":23,"column":0},"end":{"line":23,"column":50}},"17":{"start":{"line":25,"column":0},"end":{"line":25,"column":57}},"18":{"start":{"line":27,"column":0},"end":{"line":27,"column":84}},"19":{"start":{"line":29,"column":0},"end":{"line":29,"column":91}},"20":{"start":{"line":31,"column":0},"end":{"line":31,"column":68}},"21":{"start":{"line":33,"column":0},"end":{"line":33,"column":75}},"22":{"start":{"line":35,"column":0},"end":{"line":35,"column":62}},"23":{"start":{"line":37,"column":0},"end":{"line":37,"column":69}},"24":{"start":{"line":39,"column":0},"end":{"line":39,"column":80}},"25":{"start":{"line":41,"column":0},"end":{"line":41,"column":87}},"26":{"start":{"line":43,"column":0},"end":{"line":43,"column":66}},"27":{"start":{"line":45,"column":0},"end":{"line":45,"column":73}},"28":{"start":{"line":47,"column":0},"end":{"line":47,"column":36}},"29":{"start":{"line":49,"column":0},"end":{"line":49,"column":43}},"30":{"start":{"line":51,"column":0},"end":{"line":51,"column":66}},"31":{"start":{"line":53,"column":0},"end":{"line":53,"column":73}},"32":{"start":{"line":55,"column":0},"end":{"line":55,"column":78}},"33":{"start":{"line":57,"column":0},"end":{"line":57,"column":85}},"34":{"start":{"line":59,"column":0},"end":{"line":59,"column":68}},"35":{"start":{"line":61,"column":0},"end":{"line":61,"column":75}},"36":{"start":{"line":63,"column":0},"end":{"line":63,"column":76}},"37":{"start":{"line":65,"column":0},"end":{"line":65,"column":83}},"38":{"start":{"line":67,"column":0},"end":{"line":67,"column":50}},"39":{"start":{"line":69,"column":0},"end":{"line":69,"column":57}},"40":{"start":{"line":71,"column":0},"end":{"line":71,"column":50}},"41":{"start":{"line":73,"column":0},"end":{"line":73,"column":57}},"42":{"start":{"line":75,"column":0},"end":{"line":75,"column":50}},"43":{"start":{"line":77,"column":0},"end":{"line":77,"column":57}},"44":{"start":{"line":79,"column":0},"end":{"line":79,"column":52}},"45":{"start":{"line":81,"column":0},"end":{"line":81,"column":59}},"46":{"start":{"line":83,"column":0},"end":{"line":83,"column":58}},"47":{"start":{"line":85,"column":0},"end":{"line":85,"column":65}},"48":{"start":{"line":87,"column":0},"end":{"line":87,"column":48}},"49":{"start":{"line":89,"column":0},"end":{"line":89,"column":55}},"50":{"start":{"line":91,"column":0},"end":{"line":91,"column":82}},"51":{"start":{"line":93,"column":0},"end":{"line":93,"column":89}},"52":{"start":{"line":95,"column":0},"end":{"line":95,"column":44}},"53":{"start":{"line":97,"column":0},"end":{"line":97,"column":51}},"54":{"start":{"line":99,"column":0},"end":{"line":99,"column":66}},"55":{"start":{"line":101,"column":0},"end":{"line":101,"column":73}},"56":{"start":{"line":103,"column":0},"end":{"line":103,"column":57}},"57":{"start":{"line":105,"column":0},"end":{"line":105,"column":57}},"58":{"start":{"line":107,"column":0},"end":{"line":107,"column":95}},"59":{"start":{"line":107,"column":39},"end":{"line":107,"column":93}},"60":{"start":{"line":109,"column":0},"end":{"line":132,"column":2}},"61":{"start":{"line":134,"column":0},"end":{"line":173,"column":2}},"62":{"start":{"line":140,"column":4},"end":{"line":144,"column":5}},"63":{"start":{"line":141,"column":6},"end":{"line":143,"column":9}},"64":{"start":{"line":146,"column":4},"end":{"line":148,"column":5}},"65":{"start":{"line":147,"column":6},"end":{"line":147,"column":18}},"66":{"start":{"line":150,"column":4},"end":{"line":150,"column":78}},"67":{"start":{"line":174,"column":0},"end":{"line":174,"column":36}}},"branchMap":{"1":{"line":7,"type":"binary-expr","locations":[{"start":{"line":7,"column":15},"end":{"line":7,"column":28}},{"start":{"line":7,"column":32},"end":{"line":7,"column":256}}]},"2":{"line":7,"type":"if","locations":[{"start":{"line":7,"column":150},"end":{"line":7,"column":150}},{"start":{"line":7,"column":150},"end":{"line":7,"column":150}}]},"3":{"line":107,"type":"cond-expr","locations":[{"start":{"line":107,"column":70},"end":{"line":107,"column":73}},{"start":{"line":107,"column":76},"end":{"line":107,"column":92}}]},"4":{"line":107,"type":"binary-expr","locations":[{"start":{"line":107,"column":46},"end":{"line":107,"column":49}},{"start":{"line":107,"column":53},"end":{"line":107,"column":67}}]},"5":{"line":140,"type":"if","locations":[{"start":{"line":140,"column":4},"end":{"line":140,"column":4}},{"start":{"line":140,"column":4},"end":{"line":140,"column":4}}]},"6":{"line":146,"type":"if","locations":[{"start":{"line":146,"column":4},"end":{"line":146,"column":4}},{"start":{"line":146,"column":4},"end":{"line":146,"column":4}}]}},"code":["'use strict';","","Object.defineProperty(exports, \"__esModule\", {","  value: true","});","","var _extends = Object.assign || function (target) { for (var i = 1; i < arguments.length; i++) { var source = arguments[i]; for (var key in source) { if (Object.prototype.hasOwnProperty.call(source, key)) { target[key] = source[key]; } } } return target; };","","var _lodash = require('lodash');","","var _lodash2 = _interopRequireDefault(_lodash);","","var _utilities = require('./utilities');","","var _defineFlowType = require('./rules/defineFlowType');","","var _defineFlowType2 = _interopRequireDefault(_defineFlowType);","","var _genericSpacing = require('./rules/genericSpacing');","","var _genericSpacing2 = _interopRequireDefault(_genericSpacing);","","var _noWeakTypes = require('./rules/noWeakTypes');","","var _noWeakTypes2 = _interopRequireDefault(_noWeakTypes);","","var _noTypesMissingFileAnnotation = require('./rules/noTypesMissingFileAnnotation');","","var _noTypesMissingFileAnnotation2 = _interopRequireDefault(_noTypesMissingFileAnnotation);","","var _requireParameterType = require('./rules/requireParameterType');","","var _requireParameterType2 = _interopRequireDefault(_requireParameterType);","","var _requireReturnType = require('./rules/requireReturnType');","","var _requireReturnType2 = _interopRequireDefault(_requireReturnType);","","var _requireValidFileAnnotation = require('./rules/requireValidFileAnnotation');","","var _requireValidFileAnnotation2 = _interopRequireDefault(_requireValidFileAnnotation);","","var _requireVariableType = require('./rules/requireVariableType');","","var _requireVariableType2 = _interopRequireDefault(_requireVariableType);","","var _semi = require('./rules/semi');","","var _semi2 = _interopRequireDefault(_semi);","","var _spaceAfterTypeColon = require('./rules/spaceAfterTypeColon');","","var _spaceAfterTypeColon2 = _interopRequireDefault(_spaceAfterTypeColon);","","var _spaceBeforeGenericBracket = require('./rules/spaceBeforeGenericBracket');","","var _spaceBeforeGenericBracket2 = _interopRequireDefault(_spaceBeforeGenericBracket);","","var _spaceBeforeTypeColon = require('./rules/spaceBeforeTypeColon');","","var _spaceBeforeTypeColon2 = _interopRequireDefault(_spaceBeforeTypeColon);","","var _unionIntersectionSpacing = require('./rules/unionIntersectionSpacing');","","var _unionIntersectionSpacing2 = _interopRequireDefault(_unionIntersectionSpacing);","","var _typeIdMatch = require('./rules/typeIdMatch');","","var _typeIdMatch2 = _interopRequireDefault(_typeIdMatch);","","var _useFlowType = require('./rules/useFlowType');","","var _useFlowType2 = _interopRequireDefault(_useFlowType);","","var _validSyntax = require('./rules/validSyntax');","","var _validSyntax2 = _interopRequireDefault(_validSyntax);","","var _booleanStyle = require('./rules/booleanStyle');","","var _booleanStyle2 = _interopRequireDefault(_booleanStyle);","","var _delimiterDangle = require('./rules/delimiterDangle');","","var _delimiterDangle2 = _interopRequireDefault(_delimiterDangle);","","var _noDupeKeys = require('./rules/noDupeKeys');","","var _noDupeKeys2 = _interopRequireDefault(_noDupeKeys);","","var _noPrimitiveConstructorTypes = require('./rules/noPrimitiveConstructorTypes');","","var _noPrimitiveConstructorTypes2 = _interopRequireDefault(_noPrimitiveConstructorTypes);","","var _sortKeys = require('./rules/sortKeys');","","var _sortKeys2 = _interopRequireDefault(_sortKeys);","","var _objectTypeDelimiter = require('./rules/objectTypeDelimiter');","","var _objectTypeDelimiter2 = _interopRequireDefault(_objectTypeDelimiter);","","var _recommended = require('./configs/recommended.json');","","var _recommended2 = _interopRequireDefault(_recommended);","","function _interopRequireDefault(obj) { return obj && obj.__esModule ? obj : { default: obj }; }","","var rules = {","  'boolean-style': _booleanStyle2.default,","  'define-flow-type': _defineFlowType2.default,","  'delimiter-dangle': _delimiterDangle2.default,","  'generic-spacing': _genericSpacing2.default,","  'no-dupe-keys': _noDupeKeys2.default,","  'no-primitive-constructor-types': _noPrimitiveConstructorTypes2.default,","  'no-types-missing-file-annotation': _noTypesMissingFileAnnotation2.default,","  'no-weak-types': _noWeakTypes2.default,","  'object-type-delimiter': _objectTypeDelimiter2.default,","  'require-parameter-type': _requireParameterType2.default,","  'require-return-type': _requireReturnType2.default,","  'require-valid-file-annotation': _requireValidFileAnnotation2.default,","  'require-variable-type': _requireVariableType2.default,","  semi: _semi2.default,","  'sort-keys': _sortKeys2.default,","  'space-after-type-colon': _spaceAfterTypeColon2.default,","  'space-before-generic-bracket': _spaceBeforeGenericBracket2.default,","  'space-before-type-colon': _spaceBeforeTypeColon2.default,","  'type-id-match': _typeIdMatch2.default,","  'union-intersection-spacing': _unionIntersectionSpacing2.default,","  'use-flow-type': _useFlowType2.default,","  'valid-syntax': _validSyntax2.default","};","","exports.default = {","  configs: {","    recommended: _recommended2.default","  },","  rules: _lodash2.default.mapValues(rules, function (rule, key) {","    // Support current and deprecated rule formats","    if (_lodash2.default.isPlainObject(rule)) {","      return _extends({}, rule, {","        create: _lodash2.default.partial(_utilities.checkFlowFileAnnotation, rule.create)","      });","    }","","    if (key === 'no-types-missing-file-annotation') {","      return rule;","    }","","    return _lodash2.default.partial(_utilities.checkFlowFileAnnotation, rule);","  }),","  rulesConfig: {","    'boolean-style': 0,","    'define-flow-type': 0,","    'delimiter-dangle': 0,","    'generic-spacing': 0,","    'no-dupe-keys': 0,","    'no-weak-types': 0,","    'object-type-delimiter': 0,","    'require-parameter-type': 0,","    'require-return-type': 0,","    'require-variable-type': 0,","    semi: 0,","    'sort-keys': 0,","    'space-after-type-colon': 0,","    'space-before-generic-bracket': 0,","    'space-before-type-colon': 0,","    'type-id-match': 0,","    'union-intersection-spacing': 0,","    'use-flow-type': 0,","    'valid-syntax': 0","  }","};","module.exports = exports['default'];"],"l":{"3":1,"7":1,"9":1,"11":1,"13":1,"15":1,"17":1,"19":1,"21":1,"23":1,"25":1,"27":1,"29":1,"31":1,"33":1,"35":1,"37":1,"39":1,"41":1,"43":1,"45":1,"47":1,"49":1,"51":1,"53":1,"55":1,"57":1,"59":1,"61":1,"63":1,"65":1,"67":1,"69":1,"71":1,"73":1,"75":1,"77":1,"79":1,"81":1,"83":1,"85":1,"87":1,"89":1,"91":1,"93":1,"95":1,"97":1,"99":1,"101":1,"103":1,"105":1,"107":24,"109":1,"134":1,"140":22,"141":3,"146":19,"147":1,"150":18,"174":1}},"/home/travis/build/npmtest/node-npmtest-eslint-plugin-flowtype/node_modules/eslint-plugin-flowtype/dist/utilities/index.js":{"path":"/home/travis/build/npmtest/node-npmtest-eslint-plugin-flowtype/node_modules/eslint-plugin-flowtype/dist/utilities/index.js","s":{"1":1,"2":1,"3":1,"4":1,"5":21,"6":1,"7":1,"8":0,"9":1,"10":1,"11":0,"12":1,"13":1,"14":0,"15":1,"16":1,"17":0,"18":1,"19":1,"20":0,"21":1,"22":1,"23":0,"24":1,"25":1,"26":3,"27":1,"28":1,"29":0,"30":1,"31":1,"32":1,"33":1,"34":1,"35":0,"36":0,"37":0,"38":0,"39":0,"40":0,"41":0,"42":1,"43":24,"44":1},"b":{"1":[1,0],"2":[1,1],"3":[0,0],"4":[0,0],"5":[0,24],"6":[24,24]},"f":{"1":21,"2":0,"3":0,"4":0,"5":0,"6":0,"7":0,"8":3,"9":0,"10":1,"11":24},"fnMap":{"1":{"name":"get","line":12,"loc":{"start":{"line":12,"column":7},"end":{"line":12,"column":22}}},"2":{"name":"get","line":21,"loc":{"start":{"line":21,"column":7},"end":{"line":21,"column":22}}},"3":{"name":"get","line":30,"loc":{"start":{"line":30,"column":7},"end":{"line":30,"column":22}}},"4":{"name":"get","line":39,"loc":{"start":{"line":39,"column":7},"end":{"line":39,"column":22}}},"5":{"name":"get","line":48,"loc":{"start":{"line":48,"column":7},"end":{"line":48,"column":22}}},"6":{"name":"get","line":57,"loc":{"start":{"line":57,"column":7},"end":{"line":57,"column":22}}},"7":{"name":"get","line":66,"loc":{"start":{"line":66,"column":7},"end":{"line":66,"column":22}}},"8":{"name":"get","line":75,"loc":{"start":{"line":75,"column":7},"end":{"line":75,"column":22}}},"9":{"name":"get","line":84,"loc":{"start":{"line":84,"column":7},"end":{"line":84,"column":22}}},"10":{"name":"_interopRequireWildcard","line":93,"loc":{"start":{"line":93,"column":0},"end":{"line":93,"column":38}}},"11":{"name":"_interopRequireDefault","line":95,"loc":{"start":{"line":95,"column":0},"end":{"line":95,"column":37}}}},"statementMap":{"1":{"start":{"line":3,"column":0},"end":{"line":5,"column":3}},"2":{"start":{"line":6,"column":0},"end":{"line":6,"column":286}},"3":{"start":{"line":8,"column":0},"end":{"line":8,"column":68}},"4":{"start":{"line":10,"column":0},"end":{"line":15,"column":3}},"5":{"start":{"line":13,"column":4},"end":{"line":13,"column":68}},"6":{"start":{"line":17,"column":0},"end":{"line":17,"column":54}},"7":{"start":{"line":19,"column":0},"end":{"line":24,"column":3}},"8":{"start":{"line":22,"column":4},"end":{"line":22,"column":61}},"9":{"start":{"line":26,"column":0},"end":{"line":26,"column":57}},"10":{"start":{"line":28,"column":0},"end":{"line":33,"column":3}},"11":{"start":{"line":31,"column":4},"end":{"line":31,"column":61}},"12":{"start":{"line":35,"column":0},"end":{"line":35,"column":60}},"13":{"start":{"line":37,"column":0},"end":{"line":42,"column":3}},"14":{"start":{"line":40,"column":4},"end":{"line":40,"column":64}},"15":{"start":{"line":44,"column":0},"end":{"line":44,"column":62}},"16":{"start":{"line":46,"column":0},"end":{"line":51,"column":3}},"17":{"start":{"line":49,"column":4},"end":{"line":49,"column":65}},"18":{"start":{"line":53,"column":0},"end":{"line":53,"column":45}},"19":{"start":{"line":55,"column":0},"end":{"line":60,"column":3}},"20":{"start":{"line":58,"column":4},"end":{"line":58,"column":55}},"21":{"start":{"line":62,"column":0},"end":{"line":62,"column":65}},"22":{"start":{"line":64,"column":0},"end":{"line":69,"column":3}},"23":{"start":{"line":67,"column":4},"end":{"line":67,"column":65}},"24":{"start":{"line":71,"column":0},"end":{"line":71,"column":65}},"25":{"start":{"line":73,"column":0},"end":{"line":78,"column":3}},"26":{"start":{"line":76,"column":4},"end":{"line":76,"column":65}},"27":{"start":{"line":80,"column":0},"end":{"line":80,"column":40}},"28":{"start":{"line":82,"column":0},"end":{"line":87,"column":3}},"29":{"start":{"line":85,"column":4},"end":{"line":85,"column":54}},"30":{"start":{"line":89,"column":0},"end":{"line":89,"column":48}},"31":{"start":{"line":91,"column":0},"end":{"line":91,"column":60}},"32":{"start":{"line":93,"column":0},"end":{"line":93,"column":269}},"33":{"start":{"line":93,"column":40},"end":{"line":93,"column":267}},"34":{"start":{"line":93,"column":69},"end":{"line":93,"column":80}},"35":{"start":{"line":93,"column":90},"end":{"line":93,"column":106}},"36":{"start":{"line":93,"column":107},"end":{"line":93,"column":228}},"37":{"start":{"line":93,"column":126},"end":{"line":93,"column":226}},"38":{"start":{"line":93,"column":149},"end":{"line":93,"column":224}},"39":{"start":{"line":93,"column":201},"end":{"line":93,"column":224}},"40":{"start":{"line":93,"column":229},"end":{"line":93,"column":250}},"41":{"start":{"line":93,"column":251},"end":{"line":93,"column":265}},"42":{"start":{"line":95,"column":0},"end":{"line":95,"column":95}},"43":{"start":{"line":95,"column":39},"end":{"line":95,"column":93}},"44":{"start":{"line":97,"column":0},"end":{"line":97,"column":38}}},"branchMap":{"1":{"line":93,"type":"if","locations":[{"start":{"line":93,"column":40},"end":{"line":93,"column":40}},{"start":{"line":93,"column":40},"end":{"line":93,"column":40}}]},"2":{"line":93,"type":"binary-expr","locations":[{"start":{"line":93,"column":44},"end":{"line":93,"column":47}},{"start":{"line":93,"column":51},"end":{"line":93,"column":65}}]},"3":{"line":93,"type":"if","locations":[{"start":{"line":93,"column":107},"end":{"line":93,"column":107}},{"start":{"line":93,"column":107},"end":{"line":93,"column":107}}]},"4":{"line":93,"type":"if","locations":[{"start":{"line":93,"column":149},"end":{"line":93,"column":149}},{"start":{"line":93,"column":149},"end":{"line":93,"column":149}}]},"5":{"line":95,"type":"cond-expr","locations":[{"start":{"line":95,"column":70},"end":{"line":95,"column":73}},{"start":{"line":95,"column":76},"end":{"line":95,"column":92}}]},"6":{"line":95,"type":"binary-expr","locations":[{"start":{"line":95,"column":46},"end":{"line":95,"column":49}},{"start":{"line":95,"column":53},"end":{"line":95,"column":67}}]}},"code":["'use strict';","","Object.defineProperty(exports, \"__esModule\", {","  value: true","});","exports.spacingFixers = exports.quoteName = exports.iterateFunctionNodes = exports.isFlowFileAnnotation = exports.isFlowFile = exports.getTokenBeforeParens = exports.getTokenAfterParens = exports.getParameterName = exports.fuzzyStringMatch = exports.checkFlowFileAnnotation = undefined;","","var _checkFlowFileAnnotation = require('./checkFlowFileAnnotation');","","Object.defineProperty(exports, 'checkFlowFileAnnotation', {","  enumerable: true,","  get: function get() {","    return _interopRequireDefault(_checkFlowFileAnnotation).default;","  }","});","","var _fuzzyStringMatch = require('./fuzzyStringMatch');","","Object.defineProperty(exports, 'fuzzyStringMatch', {","  enumerable: true,","  get: function get() {","    return _interopRequireDefault(_fuzzyStringMatch).default;","  }","});","","var _getParameterName = require('./getParameterName.js');","","Object.defineProperty(exports, 'getParameterName', {","  enumerable: true,","  get: function get() {","    return _interopRequireDefault(_getParameterName).default;","  }","});","","var _getTokenAfterParens = require('./getTokenAfterParens');","","Object.defineProperty(exports, 'getTokenAfterParens', {","  enumerable: true,","  get: function get() {","    return _interopRequireDefault(_getTokenAfterParens).default;","  }","});","","var _getTokenBeforeParens = require('./getTokenBeforeParens');","","Object.defineProperty(exports, 'getTokenBeforeParens', {","  enumerable: true,","  get: function get() {","    return _interopRequireDefault(_getTokenBeforeParens).default;","  }","});","","var _isFlowFile = require('./isFlowFile.js');","","Object.defineProperty(exports, 'isFlowFile', {","  enumerable: true,","  get: function get() {","    return _interopRequireDefault(_isFlowFile).default;","  }","});","","var _isFlowFileAnnotation = require('./isFlowFileAnnotation.js');","","Object.defineProperty(exports, 'isFlowFileAnnotation', {","  enumerable: true,","  get: function get() {","    return _interopRequireDefault(_isFlowFileAnnotation).default;","  }","});","","var _iterateFunctionNodes = require('./iterateFunctionNodes.js');","","Object.defineProperty(exports, 'iterateFunctionNodes', {","  enumerable: true,","  get: function get() {","    return _interopRequireDefault(_iterateFunctionNodes).default;","  }","});","","var _quoteName = require('./quoteName');","","Object.defineProperty(exports, 'quoteName', {","  enumerable: true,","  get: function get() {","    return _interopRequireDefault(_quoteName).default;","  }","});","","var _spacingFixers = require('./spacingFixers');","","var spacingFixers = _interopRequireWildcard(_spacingFixers);","","function _interopRequireWildcard(obj) { if (obj && obj.__esModule) { return obj; } else { var newObj = {}; if (obj != null) { for (var key in obj) { if (Object.prototype.hasOwnProperty.call(obj, key)) newObj[key] = obj[key]; } } newObj.default = obj; return newObj; } }","","function _interopRequireDefault(obj) { return obj && obj.__esModule ? obj : { default: obj }; }","","exports.spacingFixers = spacingFixers;"],"l":{"3":1,"6":1,"8":1,"10":1,"13":21,"17":1,"19":1,"22":0,"26":1,"28":1,"31":0,"35":1,"37":1,"40":0,"44":1,"46":1,"49":0,"53":1,"55":1,"58":0,"62":1,"64":1,"67":0,"71":1,"73":1,"76":3,"80":1,"82":1,"85":0,"89":1,"91":1,"93":1,"95":24,"97":1}},"/home/travis/build/npmtest/node-npmtest-eslint-plugin-flowtype/node_modules/eslint-plugin-flowtype/dist/utilities/checkFlowFileAnnotation.js":{"path":"/home/travis/build/npmtest/node-npmtest-eslint-plugin-flowtype/node_modules/eslint-plugin-flowtype/dist/utilities/checkFlowFileAnnotation.js","s":{"1":1,"2":1,"3":1,"4":1,"5":1,"6":1,"7":2,"8":1,"9":0,"10":0,"11":0,"12":0,"13":1},"b":{"1":[0,2],"2":[2,2],"3":[0,0],"4":[0,0]},"f":{"1":2,"2":0,"3":0},"fnMap":{"1":{"name":"_interopRequireDefault","line":15,"loc":{"start":{"line":15,"column":0},"end":{"line":15,"column":37}}},"2":{"name":"(anonymous_2)","line":17,"loc":{"start":{"line":17,"column":18},"end":{"line":17,"column":41}}},"3":{"name":"(anonymous_3)","line":21,"loc":{"start":{"line":21,"column":11},"end":{"line":21,"column":23}}}},"statementMap":{"1":{"start":{"line":3,"column":0},"end":{"line":5,"column":3}},"2":{"start":{"line":7,"column":0},"end":{"line":7,"column":32}},"3":{"start":{"line":9,"column":0},"end":{"line":9,"column":47}},"4":{"start":{"line":11,"column":0},"end":{"line":11,"column":42}},"5":{"start":{"line":13,"column":0},"end":{"line":13,"column":55}},"6":{"start":{"line":15,"column":0},"end":{"line":15,"column":95}},"7":{"start":{"line":15,"column":39},"end":{"line":15,"column":93}},"8":{"start":{"line":17,"column":0},"end":{"line":25,"column":2}},"9":{"start":{"line":18,"column":2},"end":{"line":18,"column":140}},"10":{"start":{"line":20,"column":2},"end":{"line":22,"column":3}},"11":{"start":{"line":21,"column":4},"end":{"line":21,"column":26}},"12":{"start":{"line":24,"column":2},"end":{"line":24,"column":21}},"13":{"start":{"line":27,"column":0},"end":{"line":27,"column":36}}},"branchMap":{"1":{"line":15,"type":"cond-expr","locations":[{"start":{"line":15,"column":70},"end":{"line":15,"column":73}},{"start":{"line":15,"column":76},"end":{"line":15,"column":92}}]},"2":{"line":15,"type":"binary-expr","locations":[{"start":{"line":15,"column":46},"end":{"line":15,"column":49}},{"start":{"line":15,"column":53},"end":{"line":15,"column":67}}]},"3":{"line":18,"type":"binary-expr","locations":[{"start":{"line":18,"column":22},"end":{"line":18,"column":101}},{"start":{"line":18,"column":105},"end":{"line":18,"column":139}}]},"4":{"line":20,"type":"if","locations":[{"start":{"line":20,"column":2},"end":{"line":20,"column":2}},{"start":{"line":20,"column":2},"end":{"line":20,"column":2}}]}},"code":["'use strict';","","Object.defineProperty(exports, \"__esModule\", {","  value: true","});","","var _lodash = require('lodash');","","var _lodash2 = _interopRequireDefault(_lodash);","","var _isFlowFile = require('./isFlowFile');","","var _isFlowFile2 = _interopRequireDefault(_isFlowFile);","","function _interopRequireDefault(obj) { return obj && obj.__esModule ? obj : { default: obj }; }","","exports.default = function (cb, context) {","  var checkThisFile = !_lodash2.default.get(context, 'settings.flowtype.onlyFilesWithFlowAnnotation') || (0, _isFlowFile2.default)(context);","","  if (!checkThisFile) {","    return function () {};","  }","","  return cb(context);","};","","module.exports = exports['default'];"],"l":{"3":1,"7":1,"9":1,"11":1,"13":1,"15":2,"17":1,"18":0,"20":0,"21":0,"24":0,"27":1}},"/home/travis/build/npmtest/node-npmtest-eslint-plugin-flowtype/node_modules/eslint-plugin-flowtype/dist/utilities/isFlowFile.js":{"path":"/home/travis/build/npmtest/node-npmtest-eslint-plugin-flowtype/node_modules/eslint-plugin-flowtype/dist/utilities/isFlowFile.js","s":{"1":1,"2":1,"3":1,"4":1,"5":1,"6":1,"7":0,"8":0,"9":0,"10":0,"11":0,"12":0,"13":1},"b":{"1":[0,1],"2":[1,1],"3":[0,0],"4":[0,0],"5":[0,0],"6":[0,0],"7":[0,0]},"f":{"1":1,"2":0},"fnMap":{"1":{"name":"_interopRequireDefault","line":11,"loc":{"start":{"line":11,"column":0},"end":{"line":11,"column":37}}},"2":{"name":"(anonymous_2)","line":21,"loc":{"start":{"line":21,"column":18},"end":{"line":21,"column":37}}}},"statementMap":{"1":{"start":{"line":3,"column":0},"end":{"line":5,"column":3}},"2":{"start":{"line":7,"column":0},"end":{"line":7,"column":65}},"3":{"start":{"line":9,"column":0},"end":{"line":9,"column":75}},"4":{"start":{"line":11,"column":0},"end":{"line":11,"column":95}},"5":{"start":{"line":11,"column":39},"end":{"line":11,"column":93}},"6":{"start":{"line":21,"column":0},"end":{"line":33,"column":2}},"7":{"start":{"line":22,"column":2},"end":{"line":22,"column":88}},"8":{"start":{"line":24,"column":2},"end":{"line":24,"column":42}},"9":{"start":{"line":26,"column":2},"end":{"line":28,"column":3}},"10":{"start":{"line":27,"column":4},"end":{"line":27,"column":17}},"11":{"start":{"line":30,"column":2},"end":{"line":30,"column":33}},"12":{"start":{"line":32,"column":2},"end":{"line":32,"column":111}},"13":{"start":{"line":35,"column":0},"end":{"line":35,"column":36}}},"branchMap":{"1":{"line":11,"type":"cond-expr","locations":[{"start":{"line":11,"column":70},"end":{"line":11,"column":73}},{"start":{"line":11,"column":76},"end":{"line":11,"column":92}}]},"2":{"line":11,"type":"binary-expr","locations":[{"start":{"line":11,"column":46},"end":{"line":11,"column":49}},{"start":{"line":11,"column":53},"end":{"line":11,"column":67}}]},"3":{"line":22,"type":"cond-expr","locations":[{"start":{"line":22,"column":68},"end":{"line":22,"column":80}},{"start":{"line":22,"column":83},"end":{"line":22,"column":87}}]},"4":{"line":22,"type":"binary-expr","locations":[{"start":{"line":22,"column":15},"end":{"line":22,"column":35}},{"start":{"line":22,"column":39},"end":{"line":22,"column":65}}]},"5":{"line":26,"type":"if","locations":[{"start":{"line":26,"column":2},"end":{"line":26,"column":2}},{"start":{"line":26,"column":2},"end":{"line":26,"column":2}}]},"6":{"line":32,"type":"binary-expr","locations":[{"start":{"line":32,"column":9},"end":{"line":32,"column":64}},{"start":{"line":32,"column":68},"end":{"line":32,"column":110}}]},"7":{"line":32,"type":"binary-expr","locations":[{"start":{"line":32,"column":70},"end":{"line":32,"column":76}},{"start":{"line":32,"column":80},"end":{"line":32,"column":109}}]}},"code":["'use strict';","","Object.defineProperty(exports, \"__esModule\", {","  value: true","});","","var _isFlowFileAnnotation = require('./isFlowFileAnnotation.js');","","var _isFlowFileAnnotation2 = _interopRequireDefault(_isFlowFileAnnotation);","","function _interopRequireDefault(obj) { return obj && obj.__esModule ? obj : { default: obj }; }","","/* eslint-disable flowtype/require-valid-file-annotation */","/**"," * Checks whether a file has an @flow or @noflow annotation."," * @param context"," * @param [strict] - By default, the function returns true if the file starts with @flow but not if it"," * starts by @noflow. When the strict flag is set to false, the function returns true if the flag has @noflow also."," */","/* eslint-enable flowtype/require-valid-file-annotation */","exports.default =
[...]
) { return obj && obj.__esModule ? obj : { default: obj }; }","","exports.default = function (context) {","  var report = function report(node) {","    context.report({","      loc: node.loc,","      message: 'Duplicate property.',","      node","    });","  };","","  var analizeElement = function analizeElement(element) {","    var type = element.type;","","    var value = void 0;","","    switch (type) {","      case 'GenericTypeAnnotation':","        value = element.id.name;","        break;","      case 'ObjectTypeAnnotation':","        // eslint-disable-next-line no-use-before-define","        value = builObjectStructure(element.properties);","        break;","      case 'TupleTypeAnnotation':","        // eslint-disable-next-line no-use-before-define","        value = buildArrayStructure(element.types);","        break;","      default:","        value = element.value;","        break;","    }","","    return {","      type,","      value","    };","  };","","  var buildArrayStructure = function buildArrayStructure(elements) {","    return _lodash2.default.map(elements, function (element) {","      return analizeElement(element);","    });","  };","","  var builObjectStructure = function builObjectStructure(properties) {","    return _lodash2.default.map(properties, function (property) {","      var element = analizeElement(property.value);","","      return Object.assign(element, {","        name: (0, _utilities.getParameterName)(property, context)","      });","    });","  };","","  var checkForDuplicates = function checkForDuplicates(node) {","    var haystack = [];","","    _lodash2.default.forEach(node.properties, function (identifierNode) {","      var needle = { name: (0, _utilities.getParameterName)(identifierNode, context) };","","      if (identifierNode.value.type === 'FunctionTypeAnnotation') {","        needle.args = _lodash2.default.map(identifierNode.value.params, function (param) {","          return analizeElement(param.typeAnnotation);","        });","      }","","      var match = _lodash2.default.some(haystack, function (existingNeedle) {","        return _lodash2.default.isEqual(existingNeedle, needle);","      });","","      if (match) {","        report(identifierNode);","      } else {","        haystack.push(needle);","      }","    });","  };","","  return {","    ObjectTypeAnnotation: checkForDuplicates","  };","};","","module.exports = exports['default'];"],"l":{"3":1,"7":1,"9":1,"11":1,"13":1,"15":1,"16":0,"17":0,"24":0,"25":0,"27":0,"29":0,"31":0,"32":0,"35":0,"36":0,"39":0,"40":0,"42":0,"43":0,"46":0,"52":0,"53":0,"54":0,"58":0,"59":0,"60":0,"62":0,"68":0,"69":0,"71":0,"72":0,"74":0,"75":0,"76":0,"80":0,"81":0,"84":0,"85":0,"87":0,"92":0,"97":1}},"/home/travis/build/npmtest/node-npmtest-eslint-plugin-flowtype/node_modules/eslint-plugin-flowtype/dist/rules/noPrimitiveConstructorTypes.js":{"path":"/home/travis/build/npmtest/node-npmtest-eslint-plugin-flowtype/node_modules/eslint-plugin-flowtype/dist/rules/noPrimitiveConstructorTypes.js","s":{"1":1,"2":1,"3":1,"4":1,"5":1,"6":1,"7":0,"8":0,"9":0,"10":0,"11":1},"b":{"1":[0,1],"2":[1,1],"3":[0,0]},"f":{"1":1,"2":0,"3":0},"fnMap":{"1":{"name":"_interopRequireDefault","line":11,"loc":{"start":{"line":11,"column":0},"end":{"line":11,"column":37}}},"2":{"name":"create","line":14,"loc":{"start":{"line":14,"column":10},"end":{"line":14,"column":35}}},"3":{"name":"GenericTypeAnnotation","line":16,"loc":{"start":{"line":16,"column":29},"end":{"line":16,"column":66}}}},"statementMap":{"1":{"start":{"line":3,"column":0},"end":{"line":5,"column":3}},"2":{"start":{"line":7,"column":0},"end":{"line":7,"column":32}},"3":{"start":{"line":9,"column":0},"end":{"line":9,"column":47}},"4":{"start":{"line":11,"column":0},"end":{"line":11,"column":95}},"5":{"start":{"line":11,"column":39},"end":{"line":11,"column":93}},"6":{"start":{"line":13,"column":0},"end":{"line":34,"column":2}},"7":{"start":{"line":15,"column":4},"end":{"line":30,"column":6}},"8":{"start":{"line":17,"column":8},"end":{"line":17,"column":57}},"9":{"start":{"line":19,"column":8},"end":{"line":28,"column":9}},"10":{"start":{"line":20,"column":10},"end":{"line":27,"column":13}},"11":{"start":{"line":35,"column":0},"end":{"line":35,"column":36}}},"branchMap":{"1":{"line":11,"type":"cond-expr","locations":[{"start":{"line":11,"column":70},"end":{"line":11,"column":73}},{"start":{"line":11,"column":76},"end":{"line":11,"column":92}}]},"2":{"line":11,"type":"binary-expr","locations":[{"start":{"line":11,"column":46},"end":{"line":11,"column":49}},{"start":{"line":11,"column":53},"end":{"line":11,"column":67}}]},"3":{"line":19,"type":"if","locations":[{"start":{"line":19,"column":8},"end":{"line":19,"column":8}},{"start":{"line":19,"column":8},"end":{"line":19,"column":8}}]}},"code":["'use strict';","","Object.defineProperty(exports, \"__esModule\", {","  value: true","});","","var _lodash = require('lodash');","","var _lodash2 = _interopRequireDefault(_lodash);","","function _interopRequireDefault(obj) { return obj && obj.__esModule ? obj : { default: obj }; }","","exports.default = {","  create: function create(context) {","    return {","      GenericTypeAnnotation: function GenericTypeAnnotation(node) {","        var name = _lodash2.default.get(node, 'id.name');","","        if (RegExp(/^(Boolean|Number|String)$/).test(name)) {","          context.report({","            data: {","              name","            },","            loc: node.loc,","            message: 'Unexpected use of {{name}} constructor type.',","            node","          });","        }","      }","    };","  },","  meta: {},","  schema: {}","};","module.exports = exports['default'];"],"l":{"3":1,"7":1,"9":1,"11":1,"13":1,"15":0,"17":0,"19":0,"20":0,"35":1}},"/home/travis/build/npmtest/node-npmtest-eslint-plugin-flowtype/node_modules/eslint-plugin-flowtype/dist/rules/sortKeys.js":{"path":"/home/travis/build/npmtest/node-npmtest-eslint-plugin-flowtype/node_modules/eslint-plugin-flowtype/dist/rules/sortKeys.js","s":{"1":1,"2":1,"3":1,"4":1,"5":1,"6":1,"7":1,"8":1,"9":0,"10":0,"11":0,"12":0,"13":0,"14":0,"15":0,"16":0,"17":0,"18":1,"19":0,"20":0,"21":0,"22":0,"23":0,"24":0,"25":0,"26":0,"27":0,"28":0,"29":0,"30":0,"31":0,"32":0,"33":0,"34":0,"35":1},"b":{"1":[0,1],"2":[1,1],"3":[0,0],"4":[0,0],"5":[0,0],"6":[0,0],"7":[0,0],"8":[0,0],"9":[0,0],"10":[0,0]},"f":{"1":1,"2":0,"3":0,"4":0,"5":0,"6":0,"7":0,"8":0,"9":0,"10":0,"11":0,"12":0,"13":0},"fnMap":{"1":{"name":"_interopRequireDefault","line":13,"loc":{"start":{"line":13,"column":0},"end":{"line":13,"column":37}}},"2":{"name":"(anonymous_2)","line":29,"loc":{"start":{"line":29,"column":5},"end":{"line":29,"column":18}}},"3":{"name":"(anonymous_3)","line":32,"loc":{"start":{"line":32,"column":6},"end":{"line":32,"column":19}}},"4":{"name":"(anonymous_4)","line":35,"loc":{"start":{"line":35,"column":7},"end":{"line":35,"column":20}}},"5":{"name":"(anonymous_5)","line":38,"loc":{"start":{"line":38,"column":6},"end":{"line":38,"column":19}}},"6":{"name":"(anonymous_6)","line":41,"loc":{"start":{"line":41,"column":6},"end":{"line":41,"column":19}}},"7":{"name":"(anonymous_7)","line":44,"loc":{"start":{"line":44,"column":7},"end":{"line":44,"column":20}}},"8":{"name":"(anonymous_8)","line":47,"loc":{"start":{"line":47,"column":8},"end":{"line":47,"column":21}}},"9":{"name":"(anonymous_9)","line":50,"loc":{"start":{"line":50,"column":7},"end":{"line":50,"column":20}}},"10":{"name":"(anonymous_10)","line":53,"loc":{"start":{"line":53,"column":16},"end":{"line":53,"column":29}}},"11":{"name":"(anonymous_11)","line":58,"loc":{"start":{"line":58,"column":18},"end":{"line":58,"column":37}}},"12":{"name":"checkKeyOrder","line":68,"loc":{"start":{"line":68,"column":22},"end":{"line":68,"column":51}}},"13":{"name":"(anonymous_13)","line":71,"loc":{"start":{"line":71,"column":46},"end":{"line":71,"column":72}}}},"statementMap":{"1":{"start":{"line":3,"column":0},"end":{"line":5,"column":3}},"2":{"start":{"line":7,"column":0},"end":{"line":7,"column":32}},"3":{"start":{"line":9,"column":0},"end":{"line":9,"column":47}},"4":{"start":{"line":11,"column":0},"end":{"line":11,"column":43}},"5":{"start":{"line":13,"column":0},"end":{"line":13,"column":95}},"6":{"start":{"line":13,"column":39},"end":{"line":13,"column":93}},"7":{"start":{"line":15,"column":0},"end":{"line":18,"column":2}},"8":{"start":{"line":28,"column":0},"end":{"line":56,"column":2}},"9":{"start":{"line":30,"column":4},"end":{"line":30,"column":24}},"10":{"start":{"line":33,"column":4},"end":{"line":33,"column":52}},"11":{"start":{"line":36,"column":4},"end":{"line":36,"column":85}},"12":{"start":{"line":39,"column":4},"end":{"line":39,"column":57}},"13":{"start":{"line":42,"column":4},"end":{"line":42,"column":41}},"14":{"start":{"line":45,"column":4},"end":{"line":45,"column":42}},"15":{"start":{"line":48,"column":4},"end":{"line":48,"column":43}},"16":{"start":{"line":51,"column":4},"end":{"line":51,"column":42}},"17":{"start":{"line":54,"column":4},"end":{"line":54,"column":64}},"18":{"start":{"line":58,"column":0},"end":{"line":104,"column":2}},"19":{"start":{"line":59,"column":2},"end":{"line":59,"column":67}},"20":{"start":{"line":61,"column":2},"end":{"line":63,"column":42}},"21":{"start":{"line":65,"column":2},"end":{"line":65,"column":44}},"22":{"start":{"line":67,"column":2},"end":{"line":67,"column":20}},"23":{"start":{"line":68,"column":2},"end":{"line":99,"column":4}},"24":{"start":{"line":69,"column":4},"end":{"line":69,"column":16}},"25":{"start":{"line":71,"column":4},"end":{"line":98,"column":7}},"26":{"start":{"line":72,"column":6},"end":{"line":72,"column":78}},"27":{"start":{"line":73,"column":6},"end":{"line":73,"column":22}},"28":{"start":{"line":76,"column":6},"end":{"line":76,"column":29}},"29":{"start":{"line":78,"column":6},"end":{"line":80,"column":7}},"30":{"start":{"line":79,"column":8},"end":{"line":79,"column":15}},"31":{"start":{"line":82,"column":6},"end":{"line":82,"column":96}},"32":{"start":{"line":84,"column":6},"end":{"line":97,"column":7}},"33":{"start":{"line":85,"column":8},"end":{"line":96,"column":11}},"34":{"start":{"line":101,"column":2},"end":{"line":103,"column":4}},"35":{"start":{"line":106,"column":0},"end":{"line":106,"column":36}}},"branchMap":{"1":{"line":13,"type":"cond-expr","locations":[{"start":{"line":13,"column":70},"end":{"line":13,"column":73}},{"start":{"line":13,"column":76},"end":{"line":13,"column":92}}]},"2":{"line":13,"type":"binary-expr","locations":[{"start":{"line":13,"column":46},"end":{"line":13,"column":49}},{"start":{"line":13,"column":53},"end":{"line":13,"column":67}}]},"3":{"line":76,"type":"binary-expr","locations":[{"start":{"line":76,"column":13},"end":{"line":76,"column":20}},{"start":{"line":76,"column":24},"end":{"line":76,"column":28}}]},"4":{"line":78,"type":"if","locations":[{"start":{"line":78,"column":6},"end":{"line":78,"column":6}},{"start":{"line":78,"column":6},"end":{"line":78,"column":6}}]},"5":{"line":78,"type":"binary-expr","locations":[{"start":{"line":78,"column":10},"end":{"line":78,"column":15}},{"start":{"line":78,"column":19},"end":{"line":78,"column":27}}]},"6":{"line":82,"type":"cond-expr","locations":[{"start":{"line":82,"column":62},"end":{"line":82,"column":65}},{"start":{"line":82,"column":68},"end":{"line":82,"column":70}}]},"7":{"line":82,"type":"cond-expr","locations":[{"start":{"line":82,"column":85},"end":{"line":82,"column":88}},{"start":{"line":82,"column":91},"end":{"line":82,"column":93}}]},"8":{"line":84,"type":"if","locations":[{"start":{"line":84,"column":6},"end":{"line":84,"column":6}},{"start":{"line":84,"column":6},"end":{"line":84,"column":6}}]},"9":{"line":88,"type":"cond-expr","locations":[{"start":{"line":88,"column":39},"end":{"line":88,"column":53}},{"start":{"line":88,"column":56},"end":{"line":88,"column":58}}]},"10":{"line":90,"type":"cond-expr","locations":[{"start":{"line":90,"column":31},"end":{"line":90,"column":41}},{"start":{"line":90,"column":44},"end":{"line":90,"column":46}}]}},"code":["'use strict';","","Object.defineProperty(exports, \"__esModule\", {","  value: true","});","","var _lodash = require('lodash');","","var _lodash2 = _interopRequireDefault(_lodash);","","var _utilities = require('./../utilities');","","function _interopRequireDefault(obj) { return obj && obj.__esModule ? obj : { default: obj }; }","","var defaults = {","  caseSensitive: true,","  natural: false","};","","/**"," * Functions to compare the order of two strings"," *"," * Based on a similar function from eslint's sort-keys rule."," * https://github.com/eslint/eslint/blob/master/lib/rules/sort-keys.js"," *"," * @private"," */","var isValidOrders = {","  asc(str1, str2) {","    return str1 <= str2;","  },","  ascI(str1, str2) {","    return str1.toLowerCase() <= str2.toLowerCase();","  },","  ascIN(str1, str2) {","    return isValidOrders.naturalCompare(str1.toLowerCase(), str2.toLowerCase()) <= 0;","  },","  ascN(str1, str2) {","    return isValidOrders.naturalCompare(str1, str2) <= 0;","  },","  desc(str1, str2) {","    return isValidOrders.asc(str2, str1);","  },","  descI(str1, str2) {","    return isValidOrders.ascI(str2, str1);","  },","  descIN(str1, str2) {","    return isValidOrders.ascIN(str2, str1);","  },","  descN(str1, str2) {","    return isValidOrders.ascN(str2, str1);","  },","  naturalCompare(str1, str2) {","    return str1.localeCompare(str2, 'en-US', { numeric: true });","  }","};","","exports.default = function (context) {","  var order = _lodash2.default.get(context, ['options', 0], 'asc');","","  var _$get = _lodash2.default.get(context, ['options', 1], defaults),","      natural = _$get.natural,","      caseSensitive = _$get.caseSensitive;","","  var insensitive = caseSensitive === false;","","  var prev = void 0;","  var checkKeyOrder = function checkKeyOrder(node) {","    prev = null;","","    _lodash2.default.forEach(node.properties, function (identifierNode) {","      var current = (0, _utilities.getParameterName)(identifierNode, context);","      var last = prev;","","      // keep track of the last token","      prev = current || last;","","      if (!last || !current) {","        return;","      }","","      var isValidOrder = isValidOrders[order + (insensitive ? 'I' : '') + (natural ? 'N' : '')];","","      if (isValidOrder(last, current) === false) {","        context.report({","          data: {","            current,","            insensitive: insensitive ? 'insensitive ' : '',","            last,","            natural: natural ? 'natural ' : '',","            order","          },","          loc: identifierNode.loc,","          message: 'Expected type annotations to be in {{natural}}{{insensitive}}{{order}}ending order. \"{{current}}\" should be before \"{{last}}\".',","          node: identifierNode","        });","      }","    });","  };","","  return {","    ObjectTypeAnnotation: checkKeyOrder","  };","};","","module.exports = exports['default'];"],"l":{"3":1,"7":1,"9":1,"11":1,"13":1,"15":1,"28":1,"30":0,"33":0,"36":0,"39":0,"42":0,"45":0,"48":0,"51":0,"54":0,"58":1,"59":0,"61":0,"65":0,"67":0,"68":0,"69":0,"71":0,"72":0,"73":0,"76":0,"78":0,"79":0,"82":0,"84":0,"85":0,"101":0,"106":1}},"/home/travis/build/npmtest/node-npmtest-eslint-plugin-flowtype/node_modules/eslint-plugin-flowtype/dist/rules/objectTypeDelimiter.js":{"path":"/home/travis/build/npmtest/node-npmtest-eslint-plugin-flowtype/node_modules/eslint-plugin-flowtype/dist/rules/objectTypeDelimiter.js","s":{"1":1,"2":1,"3":1,"4":1,"5":0,"6":0,"7":0,"8":0,"9":0,"10":0,"11":0,"12":0,"13":0,"14":0,"15":0,"16":0,"17":0,"18":0,"19":0,"20":1,"21":1,"22":1},"b":{"1":[0,0],"2":[0,0],"3":[0,0],"4":[0,0]},"f":{"1":0,"2":0,"3":0},"fnMap":{"1":{"name":"create","line":19,"loc":{"start":{"line":19,"column":13},"end":{"line":19,"column":38}}},"2":{"name":"requireProperPunctuation","line":31,"loc":{"start":{"line":31,"column":33},"end":{"line":31,"column":73}}},"3":{"name":"(anonymous_3)","line":38,"loc":{"start":{"line":38,"column":13},"end":{"line":38,"column":21}}}},"statementMap":{"1":{"start":{"line":3,"column":0},"end":{"line":5,"column":3}},"2":{"start":{"line":9,"column":0},"end":{"line":12,"column":2}},"3":{"start":{"line":14,"column":0},"end":{"line":17,"column":2}},"4":{"start":{"line":19,"column":0},"end":{"line":53,"column":2}},"5":{"start":{"line":20,"column":2},"end":{"line":20,"column":20}},"6":{"start":{"line":21,"column":2},"end":{"line":21,"column":19}},"7":{"start":{"line":23,"column":2},"end":{"line":29,"column":3}},"8":{"start":{"line":24,"column":4},"end":{"line":24,"column":17}},"9":{"start":{"line":25,"column":4},"end":{"line":25,"column":20}},"10":{"start":{"line":27,"column":4},"end":{"line":27,"column":21}},"11":{"start":{"line":28,"column":4},"end":{"line":28,"column":16}},"12":{"start":{"line":31,"column":2},"end":{"line":46,"column":4}},"13":{"start":{"line":32,"column":4},"end":{"line":32,"column":57}},"14":{"start":{"line":33,"column":4},"end":{"line":33,"column":46}},"15":{"start":{"line":35,"column":4},"end":{"line":45,"column":5}},"16":{"start":{"line":36,"column":6},"end":{"line":44,"column":7}},"17":{"start":{"line":37,"column":8},"end":{"line":43,"column":11}},"18":{"start":{"line":39,"column":12},"end":{"line":39,"column":59}},"19":{"start":{"line":48,"column":2},"end":{"line":52,"column":4}},"20":{"start":{"line":55,"column":0},"end":{"line":57,"column":3}},"21":{"start":{"line":59,"column":0},"end":{"line":62,"column":2}},"22":{"start":{"line":63,"column":0},"end":{"line":63,"column":36}}},"branchMap":{"1":{"line":23,"type":"if","locations":[{"start":{"line":23,"column":2},"end":{"line":23,"column":2}},{"start":{"line":23,"column":2},"end":{"line":23,"column":2}}]},"2":{"line":23,"type":"binary-expr","locations":[{"start":{"line":23,"column":6},"end":{"line":23,"column":25}},{"start":{"line":23,"column":29},"end":{"line":23,"column":62}}]},"3":{"line":35,"type":"if","locations":[{"start":{"line":35,"column":4},"end":{"line":35,"column":4}},{"start":{"line":35,"column":4},"end":{"line":35,"column":4}}]},"4":{"line":36,"type":"if","locations":[{"start":{"line":36,"column":6},"end":{"line":36,"column":6}},{"start":{"line":36,"column":6},"end":{"line":36,"column":6}}]}},"code":["'use strict';","","Object.defineProperty(exports, \"__esModule\", {","  value: true","});","// ported from babel/flow-object-type; original author: Nat Mote","// https://github.com/babel/eslint-plugin-babel/blob/c0a49d25a97feb12c1d07073a0b37317359a5fe5/rules/flow-object-type.js","","var SEMICOLON = {","  char: ';',","  name: 'semicolon'","};","","var COMMA = {","  char: ',',","  name: 'comma'","};","","var create = function create(context) {","  var GOOD = void 0;","  var BAD = void 0;","","  if (!context.options[0] || context.options[0] === COMMA.name) {","    GOOD = COMMA;","    BAD = SEMICOLON;","  } else {","    GOOD = SEMICOLON;","    BAD = COMMA;","  }","","  var requireProperPunctuation = function requireProperPunctuation(node) {","    var tokens = context.getSourceCode().getTokens(node);","    var lastToken = tokens[tokens.length - 1];","","    if (lastToken.type === 'Punctuator') {","      if (lastToken.value === BAD.char) {","        context.report({","          fix(fixer) {","            return fixer.replaceText(lastToken, GOOD.char);","          },","          message: 'Prefer ' + GOOD.name + 's to ' + BAD.name + 's in object and class types',","          node: lastToken","        });","      }","    }","  };","","  return {","    ObjectTypeCallProperty: requireProperPunctuation,","    ObjectTypeIndexer: requireProperPunctuation,","    ObjectTypeProperty: requireProperPunctuation","  };","};","","var schema = [{","  enum: ['semicolon', 'comma']","}];","","exports.default = {","  create,","  schema","};","module.exports = exports['default'];"],"l":{"3":1,"9":1,"14":1,"19":1,"20":0,"21":0,"23":0,"24":0,"25":0,"27":0,"28":0,"31":0,"32":0,"33":0,"35":0,"36":0,"37":0,"39":0,"48":0,"55":1,"59":1,"63":1}}}